{"C:\\Users\\Quinn\\Documents\\Futureproof\\lapone\\LAP1PortfolioProject\\server\\app.js": {"path":"C:\\Users\\Quinn\\Documents\\Futureproof\\lapone\\LAP1PortfolioProject\\server\\app.js","statementMap":{"0":{"start":{"line":1,"column":16},"end":{"line":1,"column":34}},"1":{"start":{"line":2,"column":9},"end":{"line":2,"column":24}},"2":{"start":{"line":3,"column":12},"end":{"line":3,"column":37}},"3":{"start":{"line":4,"column":12},"end":{"line":4,"column":39}},"4":{"start":{"line":5,"column":2},"end":{"line":7,"column":21}},"5":{"start":{"line":8,"column":0},"end":{"line":8,"column":24}},"6":{"start":{"line":9,"column":0},"end":{"line":9,"column":16}},"7":{"start":{"line":11,"column":20},"end":{"line":11,"column":52}},"8":{"start":{"line":12,"column":0},"end":{"line":12,"column":33}},"9":{"start":{"line":14,"column":0},"end":{"line":16,"column":3}},"10":{"start":{"line":15,"column":2},"end":{"line":15,"column":27}},"11":{"start":{"line":18,"column":0},"end":{"line":34,"column":2}},"12":{"start":{"line":19,"column":15},"end":{"line":19,"column":23}},"13":{"start":{"line":20,"column":19},"end":{"line":20,"column":44}},"14":{"start":{"line":21,"column":19},"end":{"line":21,"column":62}},"15":{"start":{"line":22,"column":2},"end":{"line":32,"column":3}},"16":{"start":{"line":23,"column":2},"end":{"line":23,"column":25}},"17":{"start":{"line":24,"column":2},"end":{"line":28,"column":2}},"18":{"start":{"line":25,"column":4},"end":{"line":27,"column":5}},"19":{"start":{"line":26,"column":8},"end":{"line":26,"column":18}},"20":{"start":{"line":31,"column":4},"end":{"line":31,"column":38}},"21":{"start":{"line":33,"column":0},"end":{"line":33,"column":31}},"22":{"start":{"line":38,"column":0},"end":{"line":39,"column":5}},"23":{"start":{"line":38,"column":38},"end":{"line":38,"column":55}},"24":{"start":{"line":41,"column":0},"end":{"line":43,"column":3}},"25":{"start":{"line":42,"column":2},"end":{"line":42,"column":38}},"26":{"start":{"line":45,"column":0},"end":{"line":53,"column":2}},"27":{"start":{"line":46,"column":2},"end":{"line":52,"column":3}},"28":{"start":{"line":48,"column":4},"end":{"line":48,"column":38}},"29":{"start":{"line":51,"column":4},"end":{"line":51,"column":37}},"30":{"start":{"line":55,"column":0},"end":{"line":59,"column":2}},"31":{"start":{"line":56,"column":14},"end":{"line":56,"column":25}},"32":{"start":{"line":57,"column":2},"end":{"line":57,"column":55}},"33":{"start":{"line":58,"column":2},"end":{"line":58,"column":43}},"34":{"start":{"line":61,"column":0},"end":{"line":63,"column":2}},"35":{"start":{"line":62,"column":2},"end":{"line":62,"column":45}},"36":{"start":{"line":65,"column":0},"end":{"line":68,"column":2}},"37":{"start":{"line":65,"column":48},"end":{"line":65,"column":50}},"38":{"start":{"line":66,"column":0},"end":{"line":66,"column":102}},"39":{"start":{"line":66,"column":39},"end":{"line":66,"column":101}},"40":{"start":{"line":66,"column":61},"end":{"line":66,"column":100}},"41":{"start":{"line":66,"column":84},"end":{"line":66,"column":99}},"42":{"start":{"line":67,"column":0},"end":{"line":67,"column":17}},"43":{"start":{"line":71,"column":0},"end":{"line":71,"column":21}}},"fnMap":{"0":{"name":"(anonymous_0)","decl":{"start":{"line":14,"column":13},"end":{"line":14,"column":14}},"loc":{"start":{"line":14,"column":27},"end":{"line":16,"column":1}},"line":14},"1":{"name":"(anonymous_1)","decl":{"start":{"line":18,"column":22},"end":{"line":18,"column":23}},"loc":{"start":{"line":18,"column":36},"end":{"line":34,"column":1}},"line":18},"2":{"name":"(anonymous_2)","decl":{"start":{"line":24,"column":70},"end":{"line":24,"column":71}},"loc":{"start":{"line":24,"column":79},"end":{"line":28,"column":1}},"line":24},"3":{"name":"(anonymous_3)","decl":{"start":{"line":38,"column":23},"end":{"line":38,"column":24}},"loc":{"start":{"line":38,"column":37},"end":{"line":39,"column":3}},"line":38},"4":{"name":"(anonymous_4)","decl":{"start":{"line":41,"column":14},"end":{"line":41,"column":15}},"loc":{"start":{"line":41,"column":28},"end":{"line":43,"column":1}},"line":41},"5":{"name":"(anonymous_5)","decl":{"start":{"line":45,"column":22},"end":{"line":45,"column":23}},"loc":{"start":{"line":45,"column":36},"end":{"line":53,"column":1}},"line":45},"6":{"name":"(anonymous_6)","decl":{"start":{"line":55,"column":32},"end":{"line":55,"column":33}},"loc":{"start":{"line":55,"column":46},"end":{"line":59,"column":1}},"line":55},"7":{"name":"(anonymous_7)","decl":{"start":{"line":61,"column":31},"end":{"line":61,"column":32}},"loc":{"start":{"line":61,"column":45},"end":{"line":63,"column":1}},"line":61},"8":{"name":"(anonymous_8)","decl":{"start":{"line":65,"column":19},"end":{"line":65,"column":20}},"loc":{"start":{"line":65,"column":33},"end":{"line":68,"column":1}},"line":65}},"branchMap":{"0":{"loc":{"start":{"line":22,"column":2},"end":{"line":32,"column":3}},"type":"if","locations":[{"start":{"line":22,"column":2},"end":{"line":32,"column":3}},{"start":{"line":22,"column":2},"end":{"line":32,"column":3}}],"line":22},"1":{"loc":{"start":{"line":25,"column":4},"end":{"line":27,"column":5}},"type":"if","locations":[{"start":{"line":25,"column":4},"end":{"line":27,"column":5}},{"start":{"line":25,"column":4},"end":{"line":27,"column":5}}],"line":25},"2":{"loc":{"start":{"line":46,"column":2},"end":{"line":52,"column":3}},"type":"if","locations":[{"start":{"line":46,"column":2},"end":{"line":52,"column":3}},{"start":{"line":46,"column":2},"end":{"line":52,"column":3}}],"line":46},"3":{"loc":{"start":{"line":66,"column":61},"end":{"line":66,"column":100}},"type":"if","locations":[{"start":{"line":66,"column":61},"end":{"line":66,"column":100}},{"start":{"line":66,"column":61},"end":{"line":66,"column":100}}],"line":66}},"s":{"0":1,"1":1,"2":1,"3":1,"4":1,"5":1,"6":1,"7":1,"8":1,"9":1,"10":1,"11":1,"12":1,"13":1,"14":1,"15":1,"16":0,"17":0,"18":0,"19":0,"20":1,"21":1,"22":1,"23":1,"24":1,"25":1,"26":1,"27":2,"28":1,"29":1,"30":1,"31":1,"32":1,"33":1,"34":1,"35":1,"36":1,"37":0,"38":0,"39":0,"40":0,"41":0,"42":0,"43":1},"f":{"0":1,"1":1,"2":0,"3":1,"4":1,"5":2,"6":1,"7":1,"8":0},"b":{"0":[0,1],"1":[0,0],"2":[1,1],"3":[0,0]},"_coverageSchema":"1a1c01bbd47fc00a2c39e90264f33305004495a9","hash":"f2f764f332ae6fb85f0212aa0b911081c1aef765"}
,"C:\\Users\\Quinn\\Documents\\Futureproof\\lapone\\LAP1PortfolioProject\\server\\controllers\\entries.js": {"path":"C:\\Users\\Quinn\\Documents\\Futureproof\\lapone\\LAP1PortfolioProject\\server\\controllers\\entries.js","statementMap":{"0":{"start":{"line":1,"column":16},"end":{"line":1,"column":34}},"1":{"start":{"line":2,"column":15},"end":{"line":2,"column":31}},"2":{"start":{"line":4,"column":15},"end":{"line":4,"column":46}},"3":{"start":{"line":6,"column":0},"end":{"line":8,"column":3}},"4":{"start":{"line":7,"column":4},"end":{"line":7,"column":38}},"5":{"start":{"line":10,"column":0},"end":{"line":19,"column":3}},"6":{"start":{"line":11,"column":4},"end":{"line":18,"column":5}},"7":{"start":{"line":12,"column":24},"end":{"line":12,"column":47}},"8":{"start":{"line":13,"column":27},"end":{"line":13,"column":52}},"9":{"start":{"line":14,"column":8},"end":{"line":14,"column":29}},"10":{"start":{"line":16,"column":8},"end":{"line":16,"column":25}},"11":{"start":{"line":17,"column":8},"end":{"line":17,"column":34}},"12":{"start":{"line":21,"column":0},"end":{"line":21,"column":24}}},"fnMap":{"0":{"name":"(anonymous_0)","decl":{"start":{"line":6,"column":16},"end":{"line":6,"column":17}},"loc":{"start":{"line":6,"column":30},"end":{"line":8,"column":1}},"line":6},"1":{"name":"(anonymous_1)","decl":{"start":{"line":10,"column":19},"end":{"line":10,"column":20}},"loc":{"start":{"line":10,"column":33},"end":{"line":19,"column":1}},"line":10}},"branchMap":{},"s":{"0":1,"1":1,"2":1,"3":1,"4":0,"5":1,"6":0,"7":0,"8":0,"9":0,"10":0,"11":0,"12":1},"f":{"0":0,"1":0},"b":{},"_coverageSchema":"1a1c01bbd47fc00a2c39e90264f33305004495a9","hash":"26a12561e344051739f05a067e5d962c2c845ffa"}
,"C:\\Users\\Quinn\\Documents\\Futureproof\\lapone\\LAP1PortfolioProject\\server\\models\\entries.js": {"path":"C:\\Users\\Quinn\\Documents\\Futureproof\\lapone\\LAP1PortfolioProject\\server\\models\\entries.js","statementMap":{"0":{"start":{"line":1,"column":16},"end":{"line":1,"column":42}},"1":{"start":{"line":5,"column":8},"end":{"line":5,"column":26}},"2":{"start":{"line":6,"column":8},"end":{"line":6,"column":32}},"3":{"start":{"line":7,"column":8},"end":{"line":7,"column":44}},"4":{"start":{"line":8,"column":8},"end":{"line":8,"column":29}},"5":{"start":{"line":9,"column":8},"end":{"line":9,"column":32}},"6":{"start":{"line":10,"column":8},"end":{"line":10,"column":30}},"7":{"start":{"line":11,"column":8},"end":{"line":11,"column":30}},"8":{"start":{"line":12,"column":8},"end":{"line":12,"column":27}},"9":{"start":{"line":13,"column":8},"end":{"line":13,"column":29}},"10":{"start":{"line":14,"column":8},"end":{"line":14,"column":26}},"11":{"start":{"line":18,"column":22},"end":{"line":18,"column":40}},"12":{"start":{"line":19,"column":25},"end":{"line":22,"column":13}},"13":{"start":{"line":23,"column":8},"end":{"line":23,"column":31}},"14":{"start":{"line":24,"column":8},"end":{"line":24,"column":24}},"15":{"start":{"line":28,"column":0},"end":{"line":28,"column":25}}},"fnMap":{"0":{"name":"(anonymous_0)","decl":{"start":{"line":4,"column":4},"end":{"line":4,"column":5}},"loc":{"start":{"line":4,"column":22},"end":{"line":15,"column":5}},"line":4},"1":{"name":"(anonymous_1)","decl":{"start":{"line":17,"column":4},"end":{"line":17,"column":5}},"loc":{"start":{"line":17,"column":28},"end":{"line":25,"column":5}},"line":17}},"branchMap":{},"s":{"0":1,"1":1,"2":1,"3":1,"4":1,"5":1,"6":1,"7":1,"8":1,"9":1,"10":1,"11":1,"12":1,"13":1,"14":1,"15":1},"f":{"0":1,"1":1},"b":{},"_coverageSchema":"1a1c01bbd47fc00a2c39e90264f33305004495a9","hash":"4648ae163cd5abf9163421f984b28d9b8d22a3ab"}
}
