TN:
SF:app.js
FN:14,(anonymous_0)
FN:18,(anonymous_1)
FN:24,(anonymous_2)
FN:38,(anonymous_3)
FN:41,(anonymous_4)
FN:45,(anonymous_5)
FN:55,(anonymous_6)
FN:61,(anonymous_7)
FN:65,(anonymous_8)
FNF:9
FNH:7
FNDA:1,(anonymous_0)
FNDA:1,(anonymous_1)
FNDA:0,(anonymous_2)
FNDA:1,(anonymous_3)
FNDA:1,(anonymous_4)
FNDA:2,(anonymous_5)
FNDA:1,(anonymous_6)
FNDA:1,(anonymous_7)
FNDA:0,(anonymous_8)
DA:1,1
DA:2,1
DA:3,1
DA:4,1
DA:5,1
DA:8,1
DA:9,1
DA:11,1
DA:12,1
DA:14,1
DA:15,1
DA:18,1
DA:19,1
DA:20,1
DA:21,1
DA:22,1
DA:23,0
DA:24,0
DA:25,0
DA:26,0
DA:31,1
DA:33,1
DA:38,1
DA:41,1
DA:42,1
DA:45,1
DA:46,2
DA:48,1
DA:51,1
DA:55,1
DA:56,1
DA:57,1
DA:58,1
DA:61,1
DA:62,1
DA:65,1
DA:66,0
DA:67,0
DA:71,1
LF:39
LH:33
BRDA:22,0,0,0
BRDA:22,0,1,1
BRDA:25,1,0,0
BRDA:25,1,1,0
BRDA:46,2,0,1
BRDA:46,2,1,1
BRDA:66,3,0,0
BRDA:66,3,1,0
BRF:8
BRH:3
end_of_record
TN:
SF:controllers\entries.js
FN:6,(anonymous_0)
FN:10,(anonymous_1)
FNF:2
FNH:0
FNDA:0,(anonymous_0)
FNDA:0,(anonymous_1)
DA:1,1
DA:2,1
DA:4,1
DA:6,1
DA:7,0
DA:10,1
DA:11,0
DA:12,0
DA:13,0
DA:14,0
DA:16,0
DA:17,0
DA:21,1
LF:13
LH:6
BRF:0
BRH:0
end_of_record
TN:
SF:models\entries.js
FN:4,(anonymous_0)
FN:17,(anonymous_1)
FNF:2
FNH:2
FNDA:1,(anonymous_0)
FNDA:1,(anonymous_1)
DA:1,1
DA:5,1
DA:6,1
DA:7,1
DA:8,1
DA:9,1
DA:10,1
DA:11,1
DA:12,1
DA:13,1
DA:14,1
DA:18,1
DA:19,1
DA:23,1
DA:24,1
DA:28,1
LF:16
LH:16
BRF:0
BRH:0
end_of_record
