<?xml version="1.0" encoding="UTF-8"?>
<coverage generated="1631810216795" clover="3.2.0">
  <project timestamp="1631810216795" name="All files">
    <metrics statements="249" coveredstatements="34" conditionals="41" coveredconditionals="0" methods="36" coveredmethods="6" elements="326" coveredelements="40" complexity="0" loc="249" ncloc="249" packages="1" files="1" classes="1"/>
    <file name="script.js" path="C:\Users\Quinn\Documents\Futureproof\lapOne\LAP1PortfolioProject\client\script.js">
      <metrics statements="249" coveredstatements="34" conditionals="41" coveredconditionals="0" methods="36" coveredmethods="6"/>
      <line num="3" count="1" type="stmt"/>
      <line num="4" count="1" type="stmt"/>
      <line num="5" count="1" type="stmt"/>
      <line num="6" count="1" type="stmt"/>
      <line num="9" count="1" type="stmt"/>
      <line num="10" count="1" type="stmt"/>
      <line num="13" count="1" type="stmt"/>
      <line num="14" count="1" type="stmt"/>
      <line num="16" count="1" type="stmt"/>
      <line num="20" count="1" type="stmt"/>
      <line num="21" count="0" type="stmt"/>
      <line num="22" count="0" type="stmt"/>
      <line num="24" count="0" type="cond" truecount="0" falsecount="2"/>
      <line num="25" count="0" type="stmt"/>
      <line num="28" count="0" type="stmt"/>
      <line num="33" count="1" type="stmt"/>
      <line num="34" count="0" type="cond" truecount="0" falsecount="2"/>
      <line num="37" count="1" type="stmt"/>
      <line num="38" count="0" type="stmt"/>
      <line num="39" count="0" type="stmt"/>
      <line num="40" count="0" type="stmt"/>
      <line num="42" count="0" type="stmt"/>
      <line num="46" count="1" type="stmt"/>
      <line num="47" count="0" type="stmt"/>
      <line num="48" count="0" type="stmt"/>
      <line num="49" count="0" type="stmt"/>
      <line num="50" count="0" type="stmt"/>
      <line num="51" count="0" type="stmt"/>
      <line num="53" count="0" type="stmt"/>
      <line num="54" count="0" type="stmt"/>
      <line num="56" count="0" type="stmt"/>
      <line num="57" count="0" type="stmt"/>
      <line num="58" count="0" type="stmt"/>
      <line num="60" count="0" type="stmt"/>
      <line num="61" count="0" type="cond" truecount="0" falsecount="2"/>
      <line num="62" count="0" type="stmt"/>
      <line num="64" count="0" type="stmt"/>
      <line num="70" count="1" type="stmt"/>
      <line num="74" count="0" type="stmt"/>
      <line num="75" count="0" type="stmt"/>
      <line num="76" count="0" type="stmt"/>
      <line num="77" count="0" type="cond" truecount="0" falsecount="2"/>
      <line num="81" count="0" type="stmt"/>
      <line num="84" count="0" type="stmt"/>
      <line num="85" count="0" type="stmt"/>
      <line num="86" count="0" type="stmt"/>
      <line num="88" count="0" type="stmt"/>
      <line num="89" count="0" type="stmt"/>
      <line num="90" count="0" type="stmt"/>
      <line num="91" count="0" type="cond" truecount="0" falsecount="2"/>
      <line num="92" count="0" type="stmt"/>
      <line num="95" count="0" type="stmt"/>
      <line num="97" count="0" type="stmt"/>
      <line num="98" count="0" type="cond" truecount="0" falsecount="2"/>
      <line num="99" count="0" type="stmt"/>
      <line num="100" count="0" type="stmt"/>
      <line num="101" count="0" type="stmt"/>
      <line num="105" count="0" type="cond" truecount="0" falsecount="2"/>
      <line num="107" count="0" type="stmt"/>
      <line num="110" count="0" type="stmt"/>
      <line num="116" count="0" type="stmt"/>
      <line num="124" count="0" type="stmt"/>
      <line num="125" count="0" type="stmt"/>
      <line num="126" count="0" type="stmt"/>
      <line num="128" count="0" type="stmt"/>
      <line num="129" count="0" type="stmt"/>
      <line num="130" count="0" type="stmt"/>
      <line num="131" count="0" type="stmt"/>
      <line num="133" count="0" type="stmt"/>
      <line num="137" count="1" type="stmt"/>
      <line num="138" count="0" type="cond" truecount="0" falsecount="2"/>
      <line num="139" count="0" type="stmt"/>
      <line num="142" count="1" type="stmt"/>
      <line num="143" count="0" type="stmt"/>
      <line num="144" count="0" type="cond" truecount="0" falsecount="2"/>
      <line num="145" count="0" type="stmt"/>
      <line num="147" count="0" type="stmt"/>
      <line num="148" count="0" type="stmt"/>
      <line num="150" count="0" type="stmt"/>
      <line num="151" count="0" type="stmt"/>
      <line num="153" count="0" type="stmt"/>
      <line num="154" count="0" type="stmt"/>
      <line num="155" count="0" type="stmt"/>
      <line num="157" count="0" type="stmt"/>
      <line num="165" count="0" type="stmt"/>
      <line num="166" count="0" type="stmt"/>
      <line num="167" count="0" type="stmt"/>
      <line num="168" count="0" type="stmt"/>
      <line num="170" count="0" type="cond" truecount="0" falsecount="2"/>
      <line num="171" count="0" type="stmt"/>
      <line num="172" count="0" type="stmt"/>
      <line num="175" count="0" type="stmt"/>
      <line num="181" count="1" type="stmt"/>
      <line num="189" count="1" type="stmt"/>
      <line num="191" count="1" type="stmt"/>
      <line num="192" count="1" type="stmt"/>
      <line num="197" count="1" type="stmt"/>
      <line num="198" count="0" type="stmt"/>
      <line num="199" count="0" type="stmt"/>
      <line num="204" count="0" type="cond" truecount="0" falsecount="2"/>
      <line num="209" count="0" type="stmt"/>
      <line num="210" count="0" type="cond" truecount="0" falsecount="2"/>
      <line num="211" count="0" type="stmt"/>
      <line num="215" count="1" type="stmt"/>
      <line num="216" count="0" type="stmt"/>
      <line num="217" count="0" type="stmt"/>
      <line num="220" count="1" type="stmt"/>
      <line num="221" count="0" type="cond" truecount="0" falsecount="2"/>
      <line num="222" count="0" type="stmt"/>
      <line num="223" count="0" type="stmt"/>
      <line num="228" count="2" type="stmt"/>
      <line num="229" count="2" type="stmt"/>
      <line num="230" count="0" type="stmt"/>
      <line num="232" count="0" type="stmt"/>
      <line num="233" count="0" type="stmt"/>
      <line num="234" count="0" type="stmt"/>
      <line num="237" count="0" type="stmt"/>
      <line num="238" count="0" type="stmt"/>
      <line num="239" count="0" type="stmt"/>
      <line num="240" count="0" type="stmt"/>
      <line num="241" count="0" type="cond" truecount="0" falsecount="2"/>
      <line num="245" count="0" type="stmt"/>
      <line num="246" count="0" type="stmt"/>
      <line num="247" count="0" type="stmt"/>
      <line num="249" count="0" type="stmt"/>
      <line num="251" count="0" type="stmt"/>
      <line num="256" count="0" type="stmt"/>
      <line num="257" count="0" type="stmt"/>
      <line num="258" count="0" type="stmt"/>
      <line num="259" count="0" type="stmt"/>
      <line num="260" count="0" type="stmt"/>
      <line num="261" count="0" type="stmt"/>
      <line num="262" count="0" type="stmt"/>
      <line num="263" count="0" type="stmt"/>
      <line num="264" count="0" type="stmt"/>
      <line num="265" count="0" type="stmt"/>
      <line num="266" count="0" type="stmt"/>
      <line num="267" count="0" type="stmt"/>
      <line num="268" count="0" type="stmt"/>
      <line num="271" count="0" type="stmt"/>
      <line num="272" count="0" type="stmt"/>
      <line num="275" count="0" type="stmt"/>
      <line num="276" count="0" type="stmt"/>
      <line num="278" count="0" type="stmt"/>
      <line num="279" count="0" type="stmt"/>
      <line num="280" count="0" type="stmt"/>
      <line num="282" count="0" type="cond" truecount="0" falsecount="2"/>
      <line num="283" count="0" type="stmt"/>
      <line num="289" count="0" type="stmt"/>
      <line num="290" count="0" type="stmt"/>
      <line num="291" count="0" type="stmt"/>
      <line num="292" count="0" type="stmt"/>
      <line num="293" count="0" type="stmt"/>
      <line num="294" count="0" type="stmt"/>
      <line num="297" count="0" type="cond" truecount="0" falsecount="2"/>
      <line num="301" count="0" type="stmt"/>
      <line num="302" count="0" type="stmt"/>
      <line num="304" count="0" type="stmt"/>
      <line num="306" count="0" type="stmt"/>
      <line num="312" count="2" type="stmt"/>
      <line num="316" count="0" type="stmt"/>
      <line num="317" count="0" type="stmt"/>
      <line num="318" count="0" type="stmt"/>
      <line num="323" count="1" type="stmt"/>
      <line num="324" count="1" type="stmt"/>
      <line num="333" count="1" type="stmt"/>
      <line num="334" count="1" type="stmt"/>
      <line num="335" count="0" type="stmt"/>
      <line num="340" count="1" type="stmt"/>
      <line num="349" count="1" type="stmt"/>
      <line num="350" count="1" type="stmt"/>
      <line num="352" count="0" type="stmt"/>
      <line num="353" count="0" type="stmt"/>
      <line num="354" count="0" type="stmt"/>
      <line num="355" count="0" type="stmt"/>
      <line num="357" count="0" type="stmt"/>
      <line num="359" count="0" type="stmt"/>
      <line num="360" count="0" type="stmt"/>
      <line num="361" count="0" type="stmt"/>
      <line num="362" count="0" type="stmt"/>
      <line num="364" count="0" type="stmt"/>
      <line num="365" count="0" type="stmt"/>
      <line num="366" count="0" type="stmt"/>
      <line num="367" count="0" type="stmt"/>
      <line num="370" count="0" type="stmt"/>
      <line num="371" count="0" type="stmt"/>
      <line num="372" count="0" type="stmt"/>
      <line num="375" count="0" type="cond" truecount="0" falsecount="2"/>
      <line num="379" count="0" type="stmt"/>
      <line num="380" count="0" type="stmt"/>
      <line num="381" count="0" type="stmt"/>
      <line num="383" count="0" type="stmt"/>
      <line num="385" count="0" type="stmt"/>
      <line num="386" count="0" type="stmt"/>
      <line num="387" count="0" type="stmt"/>
      <line num="389" count="0" type="stmt"/>
      <line num="391" count="0" type="stmt"/>
      <line num="392" count="0" type="stmt"/>
      <line num="394" count="0" type="stmt"/>
      <line num="395" count="0" type="stmt"/>
      <line num="396" count="0" type="stmt"/>
      <line num="400" count="0" type="stmt"/>
      <line num="401" count="0" type="stmt"/>
      <line num="402" count="0" type="stmt"/>
      <line num="406" count="0" type="stmt"/>
      <line num="407" count="0" type="stmt"/>
      <line num="408" count="0" type="stmt"/>
      <line num="409" count="0" type="stmt"/>
      <line num="418" count="0" type="stmt"/>
      <line num="420" count="0" type="stmt"/>
      <line num="421" count="0" type="stmt"/>
      <line num="422" count="0" type="stmt"/>
      <line num="423" count="0" type="stmt"/>
      <line num="424" count="0" type="stmt"/>
      <line num="425" count="0" type="stmt"/>
      <line num="426" count="0" type="stmt"/>
      <line num="427" count="0" type="stmt"/>
      <line num="430" count="0" type="stmt"/>
      <line num="431" count="0" type="stmt"/>
      <line num="432" count="0" type="stmt"/>
      <line num="434" count="0" type="stmt"/>
      <line num="435" count="0" type="stmt"/>
      <line num="436" count="0" type="stmt"/>
      <line num="446" count="0" type="stmt"/>
      <line num="447" count="0" type="stmt"/>
      <line num="448" count="0" type="stmt"/>
      <line num="449" count="0" type="stmt"/>
      <line num="450" count="0" type="stmt"/>
      <line num="452" count="0" type="stmt"/>
      <line num="453" count="0" type="stmt"/>
      <line num="455" count="0" type="stmt"/>
      <line num="456" count="0" type="stmt"/>
      <line num="457" count="0" type="stmt"/>
      <line num="461" count="0" type="stmt"/>
      <line num="462" count="0" type="stmt"/>
      <line num="463" count="0" type="stmt"/>
      <line num="464" count="0" type="stmt"/>
      <line num="465" count="0" type="stmt"/>
      <line num="466" count="0" type="stmt"/>
      <line num="467" count="0" type="stmt"/>
      <line num="468" count="0" type="stmt"/>
      <line num="469" count="0" type="stmt"/>
      <line num="470" count="0" type="stmt"/>
      <line num="471" count="0" type="stmt"/>
      <line num="473" count="0" type="stmt"/>
      <line num="474" count="0" type="stmt"/>
      <line num="475" count="0" type="stmt"/>
      <line num="477" count="0" type="stmt"/>
      <line num="481" count="1" type="stmt"/>
    </file>
  </project>
</coverage>
