{"C:\\Users\\Quinn\\Documents\\Futureproof\\lapOne\\LAP1PortfolioProject\\client\\script.js": {"path":"C:\\Users\\Quinn\\Documents\\Futureproof\\lapOne\\LAP1PortfolioProject\\client\\script.js","statementMap":{"0":{"start":{"line":3,"column":13},"end":{"line":3,"column":52}},"1":{"start":{"line":4,"column":17},"end":{"line":4,"column":52}},"2":{"start":{"line":5,"column":20},"end":{"line":5,"column":61}},"3":{"start":{"line":6,"column":21},"end":{"line":6,"column":56}},"4":{"start":{"line":9,"column":20},"end":{"line":9,"column":55}},"5":{"start":{"line":10,"column":20},"end":{"line":10,"column":58}},"6":{"start":{"line":13,"column":24},"end":{"line":13,"column":65}},"7":{"start":{"line":14,"column":22},"end":{"line":14,"column":65}},"8":{"start":{"line":16,"column":15},"end":{"line":16,"column":56}},"9":{"start":{"line":20,"column":0},"end":{"line":31,"column":3}},"10":{"start":{"line":21,"column":2},"end":{"line":21,"column":21}},"11":{"start":{"line":22,"column":17},"end":{"line":22,"column":25}},"12":{"start":{"line":24,"column":2},"end":{"line":29,"column":3}},"13":{"start":{"line":25,"column":4},"end":{"line":25,"column":18}},"14":{"start":{"line":28,"column":4},"end":{"line":28,"column":16}},"15":{"start":{"line":33,"column":0},"end":{"line":55,"column":3}},"16":{"start":{"line":34,"column":2},"end":{"line":34,"column":21}},"17":{"start":{"line":35,"column":18},"end":{"line":35,"column":55}},"18":{"start":{"line":36,"column":12},"end":{"line":36,"column":71}},"19":{"start":{"line":37,"column":2},"end":{"line":39,"column":3}},"20":{"start":{"line":37,"column":15},"end":{"line":37,"column":16}},"21":{"start":{"line":38,"column":4},"end":{"line":38,"column":66}},"22":{"start":{"line":40,"column":2},"end":{"line":54,"column":7}},"23":{"start":{"line":41,"column":19},"end":{"line":41,"column":29}},"24":{"start":{"line":43,"column":16},"end":{"line":43,"column":18}},"25":{"start":{"line":44,"column":6},"end":{"line":46,"column":7}},"26":{"start":{"line":45,"column":8},"end":{"line":45,"column":31}},"27":{"start":{"line":47,"column":6},"end":{"line":53,"column":7}},"28":{"start":{"line":48,"column":8},"end":{"line":52,"column":9}},"29":{"start":{"line":49,"column":10},"end":{"line":49,"column":27}},"30":{"start":{"line":51,"column":10},"end":{"line":51,"column":26}},"31":{"start":{"line":57,"column":0},"end":{"line":57,"column":29}},"32":{"start":{"line":61,"column":17},"end":{"line":61,"column":77}},"33":{"start":{"line":62,"column":17},"end":{"line":62,"column":19}},"34":{"start":{"line":63,"column":2},"end":{"line":70,"column":3}},"35":{"start":{"line":64,"column":4},"end":{"line":69,"column":5}},"36":{"start":{"line":68,"column":6},"end":{"line":68,"column":37}},"37":{"start":{"line":71,"column":19},"end":{"line":71,"column":21}},"38":{"start":{"line":72,"column":2},"end":{"line":74,"column":3}},"39":{"start":{"line":73,"column":4},"end":{"line":73,"column":25}},"40":{"start":{"line":75,"column":2},"end":{"line":83,"column":3}},"41":{"start":{"line":76,"column":16},"end":{"line":76,"column":17}},"42":{"start":{"line":77,"column":4},"end":{"line":81,"column":5}},"43":{"start":{"line":78,"column":6},"end":{"line":80,"column":7}},"44":{"start":{"line":79,"column":8},"end":{"line":79,"column":16}},"45":{"start":{"line":82,"column":4},"end":{"line":82,"column":18}},"46":{"start":{"line":84,"column":2},"end":{"line":84,"column":26}},"47":{"start":{"line":85,"column":16},"end":{"line":85,"column":65}},"48":{"start":{"line":85,"column":43},"end":{"line":85,"column":63}},"49":{"start":{"line":86,"column":2},"end":{"line":86,"column":23}},"50":{"start":{"line":87,"column":13},"end":{"line":87,"column":58}},"51":{"start":{"line":88,"column":2},"end":{"line":88,"column":14}},"52":{"start":{"line":92,"column":2},"end":{"line":96,"column":3}},"53":{"start":{"line":92,"column":17},"end":{"line":92,"column":31}},"54":{"start":{"line":94,"column":4},"end":{"line":95,"column":86}},"55":{"start":{"line":97,"column":16},"end":{"line":102,"column":3}},"56":{"start":{"line":103,"column":18},"end":{"line":110,"column":3}},"57":{"start":{"line":111,"column":0},"end":{"line":111,"column":17}},"58":{"start":{"line":112,"column":0},"end":{"line":114,"column":1}},"59":{"start":{"line":113,"column":2},"end":{"line":113,"column":41}},"60":{"start":{"line":115,"column":2},"end":{"line":121,"column":5}},"61":{"start":{"line":116,"column":4},"end":{"line":116,"column":21}},"62":{"start":{"line":117,"column":4},"end":{"line":119,"column":7}},"63":{"start":{"line":118,"column":6},"end":{"line":118,"column":25}},"64":{"start":{"line":120,"column":4},"end":{"line":120,"column":20}},"65":{"start":{"line":124,"column":0},"end":{"line":127,"column":2}},"66":{"start":{"line":124,"column":44},"end":{"line":124,"column":63}},"67":{"start":{"line":125,"column":0},"end":{"line":126,"column":32}},"68":{"start":{"line":125,"column":30},"end":{"line":125,"column":46}},"69":{"start":{"line":125,"column":47},"end":{"line":125,"column":81}},"70":{"start":{"line":125,"column":82},"end":{"line":125,"column":99}},"71":{"start":{"line":126,"column":6},"end":{"line":126,"column":31}},"72":{"start":{"line":129,"column":0},"end":{"line":146,"column":3}},"73":{"start":{"line":130,"column":2},"end":{"line":130,"column":21}},"74":{"start":{"line":131,"column":2},"end":{"line":145,"column":3}},"75":{"start":{"line":132,"column":4},"end":{"line":132,"column":30}},"76":{"start":{"line":134,"column":4},"end":{"line":143,"column":7}},"77":{"start":{"line":135,"column":15},"end":{"line":135,"column":25}},"78":{"start":{"line":137,"column":6},"end":{"line":139,"column":7}},"79":{"start":{"line":138,"column":8},"end":{"line":138,"column":47}},"80":{"start":{"line":140,"column":18},"end":{"line":140,"column":50}},"81":{"start":{"line":141,"column":6},"end":{"line":141,"column":40}},"82":{"start":{"line":142,"column":6},"end":{"line":142,"column":33}},"83":{"start":{"line":144,"column":4},"end":{"line":144,"column":19}},"84":{"start":{"line":152,"column":20},"end":{"line":152,"column":41}},"85":{"start":{"line":153,"column":14},"end":{"line":153,"column":41}},"86":{"start":{"line":154,"column":16},"end":{"line":154,"column":35}},"87":{"start":{"line":155,"column":2},"end":{"line":155,"column":22}},"88":{"start":{"line":157,"column":2},"end":{"line":158,"column":106}},"89":{"start":{"line":157,"column":26},"end":{"line":157,"column":54}},"90":{"start":{"line":157,"column":55},"end":{"line":157,"column":124}},"91":{"start":{"line":158,"column":8},"end":{"line":158,"column":35}},"92":{"start":{"line":158,"column":36},"end":{"line":158,"column":105}},"93":{"start":{"line":159,"column":2},"end":{"line":159,"column":65}},"94":{"start":{"line":162,"column":2},"end":{"line":162,"column":60}},"95":{"start":{"line":168,"column":18},"end":{"line":175,"column":3}},"96":{"start":{"line":176,"column":2},"end":{"line":176,"column":23}},"97":{"start":{"line":178,"column":2},"end":{"line":181,"column":25}},"98":{"start":{"line":179,"column":17},"end":{"line":179,"column":25}},"99":{"start":{"line":184,"column":0},"end":{"line":187,"column":2}},"100":{"start":{"line":185,"column":2},"end":{"line":185,"column":21}},"101":{"start":{"line":186,"column":2},"end":{"line":186,"column":17}},"102":{"start":{"line":191,"column":2},"end":{"line":199,"column":3}},"103":{"start":{"line":196,"column":4},"end":{"line":196,"column":14}},"104":{"start":{"line":197,"column":9},"end":{"line":199,"column":3}},"105":{"start":{"line":197,"column":55},"end":{"line":197,"column":82}},"106":{"start":{"line":198,"column":4},"end":{"line":198,"column":49}},"107":{"start":{"line":202,"column":0},"end":{"line":205,"column":3}},"108":{"start":{"line":203,"column":2},"end":{"line":203,"column":21}},"109":{"start":{"line":204,"column":2},"end":{"line":204,"column":16}},"110":{"start":{"line":207,"column":0},"end":{"line":212,"column":3}},"111":{"start":{"line":208,"column":2},"end":{"line":211,"column":3}},"112":{"start":{"line":209,"column":4},"end":{"line":209,"column":23}},"113":{"start":{"line":210,"column":4},"end":{"line":210,"column":18}},"114":{"start":{"line":215,"column":2},"end":{"line":300,"column":3}},"115":{"start":{"line":216,"column":4},"end":{"line":216,"column":23}},"116":{"start":{"line":217,"column":18},"end":{"line":217,"column":59}},"117":{"start":{"line":219,"column":4},"end":{"line":219,"column":36}},"118":{"start":{"line":220,"column":4},"end":{"line":296,"column":11}},"119":{"start":{"line":221,"column":19},"end":{"line":221,"column":27}},"120":{"start":{"line":224,"column":22},"end":{"line":224,"column":60}},"121":{"start":{"line":225,"column":8},"end":{"line":225,"column":31}},"122":{"start":{"line":226,"column":8},"end":{"line":226,"column":40}},"123":{"start":{"line":227,"column":20},"end":{"line":227,"column":48}},"124":{"start":{"line":228,"column":8},"end":{"line":237,"column":9}},"125":{"start":{"line":232,"column":10},"end":{"line":232,"column":48}},"126":{"start":{"line":233,"column":10},"end":{"line":233,"column":29}},"127":{"start":{"line":234,"column":10},"end":{"line":234,"column":28}},"128":{"start":{"line":236,"column":10},"end":{"line":236,"column":51}},"129":{"start":{"line":238,"column":8},"end":{"line":242,"column":35}},"130":{"start":{"line":243,"column":8},"end":{"line":243,"column":35}},"131":{"start":{"line":244,"column":8},"end":{"line":244,"column":38}},"132":{"start":{"line":245,"column":8},"end":{"line":245,"column":35}},"133":{"start":{"line":246,"column":8},"end":{"line":246,"column":39}},"134":{"start":{"line":247,"column":19},"end":{"line":247,"column":46}},"135":{"start":{"line":248,"column":8},"end":{"line":248,"column":36}},"136":{"start":{"line":249,"column":8},"end":{"line":249,"column":33}},"137":{"start":{"line":250,"column":8},"end":{"line":250,"column":35}},"138":{"start":{"line":251,"column":8},"end":{"line":251,"column":31}},"139":{"start":{"line":252,"column":8},"end":{"line":252,"column":39}},"140":{"start":{"line":253,"column":8},"end":{"line":253,"column":42}},"141":{"start":{"line":254,"column":8},"end":{"line":254,"column":42}},"142":{"start":{"line":255,"column":8},"end":{"line":255,"column":41}},"143":{"start":{"line":258,"column":8},"end":{"line":258,"column":39}},"144":{"start":{"line":259,"column":8},"end":{"line":259,"column":50}},"145":{"start":{"line":262,"column":8},"end":{"line":262,"column":38}},"146":{"start":{"line":263,"column":8},"end":{"line":263,"column":37}},"147":{"start":{"line":265,"column":8},"end":{"line":272,"column":11}},"148":{"start":{"line":266,"column":10},"end":{"line":266,"column":29}},"149":{"start":{"line":267,"column":25},"end":{"line":267,"column":33}},"150":{"start":{"line":269,"column":10},"end":{"line":271,"column":11}},"151":{"start":{"line":270,"column":12},"end":{"line":270,"column":26}},"152":{"start":{"line":276,"column":28},"end":{"line":276,"column":70}},"153":{"start":{"line":277,"column":8},"end":{"line":277,"column":33}},"154":{"start":{"line":278,"column":36},"end":{"line":278,"column":82}},"155":{"start":{"line":279,"column":8},"end":{"line":279,"column":40}},"156":{"start":{"line":280,"column":8},"end":{"line":295,"column":13}},"157":{"start":{"line":281,"column":10},"end":{"line":281,"column":29}},"158":{"start":{"line":284,"column":10},"end":{"line":294,"column":13}},"159":{"start":{"line":288,"column":14},"end":{"line":288,"column":57}},"160":{"start":{"line":289,"column":14},"end":{"line":289,"column":38}},"161":{"start":{"line":291,"column":14},"end":{"line":291,"column":29}},"162":{"start":{"line":293,"column":14},"end":{"line":293,"column":50}},"163":{"start":{"line":299,"column":4},"end":{"line":299,"column":23}},"164":{"start":{"line":303,"column":2},"end":{"line":303,"column":24}},"165":{"start":{"line":304,"column":2},"end":{"line":306,"column":11}},"166":{"start":{"line":305,"column":4},"end":{"line":305,"column":25}},"167":{"start":{"line":310,"column":0},"end":{"line":310,"column":34}},"168":{"start":{"line":311,"column":18},"end":{"line":318,"column":3}},"169":{"start":{"line":320,"column":3},"end":{"line":323,"column":25}},"170":{"start":{"line":321,"column":16},"end":{"line":321,"column":24}},"171":{"start":{"line":322,"column":17},"end":{"line":322,"column":31}},"172":{"start":{"line":327,"column":0},"end":{"line":327,"column":31}},"173":{"start":{"line":336,"column":0},"end":{"line":384,"column":5}},"174":{"start":{"line":337,"column":15},"end":{"line":337,"column":23}},"175":{"start":{"line":339,"column":4},"end":{"line":383,"column":5}},"176":{"start":{"line":340,"column":20},"end":{"line":340,"column":53}},"177":{"start":{"line":341,"column":6},"end":{"line":341,"column":36}},"178":{"start":{"line":342,"column":6},"end":{"line":342,"column":29}},"179":{"start":{"line":343,"column":6},"end":{"line":343,"column":35}},"180":{"start":{"line":344,"column":18},"end":{"line":344,"column":46}},"181":{"start":{"line":345,"column":17},"end":{"line":345,"column":44}},"182":{"start":{"line":346,"column":6},"end":{"line":346,"column":31}},"183":{"start":{"line":347,"column":6},"end":{"line":356,"column":7}},"184":{"start":{"line":351,"column":8},"end":{"line":351,"column":46}},"185":{"start":{"line":352,"column":8},"end":{"line":352,"column":27}},"186":{"start":{"line":353,"column":8},"end":{"line":353,"column":26}},"187":{"start":{"line":355,"column":8},"end":{"line":355,"column":49}},"188":{"start":{"line":357,"column":6},"end":{"line":362,"column":33}},"189":{"start":{"line":363,"column":6},"end":{"line":363,"column":33}},"190":{"start":{"line":364,"column":6},"end":{"line":364,"column":36}},"191":{"start":{"line":365,"column":6},"end":{"line":365,"column":33}},"192":{"start":{"line":366,"column":6},"end":{"line":366,"column":32}},"193":{"start":{"line":367,"column":6},"end":{"line":367,"column":34}},"194":{"start":{"line":368,"column":6},"end":{"line":368,"column":33}},"195":{"start":{"line":369,"column":6},"end":{"line":369,"column":26}},"196":{"start":{"line":370,"column":6},"end":{"line":370,"column":37}},"197":{"start":{"line":371,"column":6},"end":{"line":371,"column":37}},"198":{"start":{"line":372,"column":6},"end":{"line":372,"column":40}},"199":{"start":{"line":374,"column":6},"end":{"line":374,"column":34}},"200":{"start":{"line":375,"column":6},"end":{"line":375,"column":42}},"201":{"start":{"line":378,"column":6},"end":{"line":378,"column":41}},"202":{"start":{"line":379,"column":6},"end":{"line":379,"column":67}},"203":{"start":{"line":390,"column":21},"end":{"line":390,"column":72}},"204":{"start":{"line":392,"column":2},"end":{"line":409,"column":3}},"205":{"start":{"line":393,"column":4},"end":{"line":393,"column":48}},"206":{"start":{"line":394,"column":4},"end":{"line":394,"column":28}},"207":{"start":{"line":395,"column":4},"end":{"line":395,"column":29}},"208":{"start":{"line":396,"column":4},"end":{"line":396,"column":39}},"209":{"start":{"line":397,"column":4},"end":{"line":397,"column":38}},"210":{"start":{"line":398,"column":4},"end":{"line":398,"column":35}},"211":{"start":{"line":399,"column":4},"end":{"line":399,"column":25}},"212":{"start":{"line":402,"column":4},"end":{"line":402,"column":44}},"213":{"start":{"line":403,"column":4},"end":{"line":403,"column":43}},"214":{"start":{"line":404,"column":4},"end":{"line":404,"column":35}},"215":{"start":{"line":406,"column":4},"end":{"line":406,"column":36}},"216":{"start":{"line":407,"column":4},"end":{"line":407,"column":42}},"217":{"start":{"line":408,"column":4},"end":{"line":408,"column":39}},"218":{"start":{"line":415,"column":2},"end":{"line":415,"column":28}},"219":{"start":{"line":416,"column":2},"end":{"line":427,"column":3}},"220":{"start":{"line":417,"column":29},"end":{"line":417,"column":58}},"221":{"start":{"line":418,"column":24},"end":{"line":418,"column":51}},"222":{"start":{"line":419,"column":24},"end":{"line":419,"column":51}},"223":{"start":{"line":421,"column":4},"end":{"line":421,"column":52}},"224":{"start":{"line":422,"column":4},"end":{"line":422,"column":55}},"225":{"start":{"line":424,"column":4},"end":{"line":424,"column":45}},"226":{"start":{"line":425,"column":4},"end":{"line":425,"column":45}},"227":{"start":{"line":426,"column":4},"end":{"line":426,"column":41}},"228":{"start":{"line":430,"column":26},"end":{"line":430,"column":56}},"229":{"start":{"line":431,"column":28},"end":{"line":431,"column":59}},"230":{"start":{"line":432,"column":4},"end":{"line":432,"column":36}},"231":{"start":{"line":433,"column":4},"end":{"line":433,"column":47}},"232":{"start":{"line":434,"column":4},"end":{"line":434,"column":40}},"233":{"start":{"line":435,"column":4},"end":{"line":435,"column":55}},"234":{"start":{"line":436,"column":4},"end":{"line":436,"column":34}},"235":{"start":{"line":437,"column":4},"end":{"line":437,"column":40}},"236":{"start":{"line":438,"column":4},"end":{"line":438,"column":45}},"237":{"start":{"line":439,"column":4},"end":{"line":439,"column":45}},"238":{"start":{"line":439,"column":46},"end":{"line":439,"column":99}},"239":{"start":{"line":440,"column":4},"end":{"line":440,"column":32}},"240":{"start":{"line":440,"column":33},"end":{"line":440,"column":55}},"241":{"start":{"line":442,"column":4},"end":{"line":442,"column":46}},"242":{"start":{"line":443,"column":4},"end":{"line":443,"column":47}},"243":{"start":{"line":444,"column":4},"end":{"line":444,"column":39}},"244":{"start":{"line":446,"column":4},"end":{"line":446,"column":38}},"245":{"start":{"line":450,"column":0},"end":{"line":455,"column":1}}},"fnMap":{"0":{"name":"(anonymous_0)","decl":{"start":{"line":20,"column":35},"end":{"line":20,"column":36}},"loc":{"start":{"line":20,"column":42},"end":{"line":31,"column":1}},"line":20},"1":{"name":"(anonymous_1)","decl":{"start":{"line":33,"column":45},"end":{"line":33,"column":46}},"loc":{"start":{"line":33,"column":52},"end":{"line":55,"column":1}},"line":33},"2":{"name":"(anonymous_2)","decl":{"start":{"line":41,"column":10},"end":{"line":41,"column":11}},"loc":{"start":{"line":41,"column":19},"end":{"line":41,"column":29}},"line":41},"3":{"name":"(anonymous_3)","decl":{"start":{"line":42,"column":10},"end":{"line":42,"column":11}},"loc":{"start":{"line":42,"column":19},"end":{"line":54,"column":5}},"line":42},"4":{"name":"getTags","decl":{"start":{"line":60,"column":9},"end":{"line":60,"column":16}},"loc":{"start":{"line":60,"column":25},"end":{"line":89,"column":1}},"line":60},"5":{"name":"(anonymous_5)","decl":{"start":{"line":85,"column":32},"end":{"line":85,"column":33}},"loc":{"start":{"line":85,"column":43},"end":{"line":85,"column":63}},"line":85},"6":{"name":"getanew","decl":{"start":{"line":90,"column":15},"end":{"line":90,"column":22}},"loc":{"start":{"line":90,"column":25},"end":{"line":122,"column":1}},"line":90},"7":{"name":"(anonymous_7)","decl":{"start":{"line":115,"column":56},"end":{"line":115,"column":57}},"loc":{"start":{"line":115,"column":65},"end":{"line":121,"column":3}},"line":115},"8":{"name":"(anonymous_8)","decl":{"start":{"line":117,"column":45},"end":{"line":117,"column":46}},"loc":{"start":{"line":117,"column":58},"end":{"line":119,"column":5}},"line":117},"9":{"name":"(anonymous_9)","decl":{"start":{"line":124,"column":38},"end":{"line":124,"column":39}},"loc":{"start":{"line":124,"column":43},"end":{"line":127,"column":1}},"line":124},"10":{"name":"(anonymous_10)","decl":{"start":{"line":129,"column":40},"end":{"line":129,"column":41}},"loc":{"start":{"line":129,"column":47},"end":{"line":146,"column":1}},"line":129},"11":{"name":"(anonymous_11)","decl":{"start":{"line":135,"column":10},"end":{"line":135,"column":11}},"loc":{"start":{"line":135,"column":15},"end":{"line":135,"column":25}},"line":135},"12":{"name":"(anonymous_12)","decl":{"start":{"line":136,"column":10},"end":{"line":136,"column":11}},"loc":{"start":{"line":136,"column":19},"end":{"line":143,"column":5}},"line":136},"13":{"name":"handleEmoji","decl":{"start":{"line":150,"column":9},"end":{"line":150,"column":20}},"loc":{"start":{"line":150,"column":24},"end":{"line":163,"column":1}},"line":150},"14":{"name":"sendEmoji","decl":{"start":{"line":165,"column":9},"end":{"line":165,"column":18}},"loc":{"start":{"line":165,"column":44},"end":{"line":182,"column":1}},"line":165},"15":{"name":"(anonymous_15)","decl":{"start":{"line":179,"column":10},"end":{"line":179,"column":11}},"loc":{"start":{"line":179,"column":17},"end":{"line":179,"column":25}},"line":179},"16":{"name":"(anonymous_16)","decl":{"start":{"line":184,"column":33},"end":{"line":184,"column":34}},"loc":{"start":{"line":184,"column":40},"end":{"line":187,"column":1}},"line":184},"17":{"name":"addNewEntry","decl":{"start":{"line":190,"column":9},"end":{"line":190,"column":20}},"loc":{"start":{"line":190,"column":23},"end":{"line":200,"column":1}},"line":190},"18":{"name":"(anonymous_18)","decl":{"start":{"line":202,"column":41},"end":{"line":202,"column":42}},"loc":{"start":{"line":202,"column":48},"end":{"line":205,"column":1}},"line":202},"19":{"name":"(anonymous_19)","decl":{"start":{"line":207,"column":59},"end":{"line":207,"column":60}},"loc":{"start":{"line":207,"column":66},"end":{"line":212,"column":1}},"line":207},"20":{"name":"entryById","decl":{"start":{"line":214,"column":9},"end":{"line":214,"column":18}},"loc":{"start":{"line":214,"column":22},"end":{"line":301,"column":1}},"line":214},"21":{"name":"(anonymous_21)","decl":{"start":{"line":221,"column":12},"end":{"line":221,"column":13}},"loc":{"start":{"line":221,"column":19},"end":{"line":221,"column":27}},"line":221},"22":{"name":"(anonymous_22)","decl":{"start":{"line":222,"column":12},"end":{"line":222,"column":13}},"loc":{"start":{"line":222,"column":22},"end":{"line":296,"column":9}},"line":222},"23":{"name":"(anonymous_23)","decl":{"start":{"line":265,"column":42},"end":{"line":265,"column":43}},"loc":{"start":{"line":265,"column":49},"end":{"line":272,"column":9}},"line":265},"24":{"name":"(anonymous_24)","decl":{"start":{"line":280,"column":54},"end":{"line":280,"column":55}},"loc":{"start":{"line":280,"column":61},"end":{"line":295,"column":11}},"line":280},"25":{"name":"unhide","decl":{"start":{"line":302,"column":9},"end":{"line":302,"column":15}},"loc":{"start":{"line":302,"column":23},"end":{"line":307,"column":1}},"line":302},"26":{"name":"(anonymous_26)","decl":{"start":{"line":304,"column":13},"end":{"line":304,"column":14}},"loc":{"start":{"line":304,"column":25},"end":{"line":306,"column":3}},"line":304},"27":{"name":"addNewComment","decl":{"start":{"line":309,"column":9},"end":{"line":309,"column":22}},"loc":{"start":{"line":309,"column":44},"end":{"line":325,"column":1}},"line":309},"28":{"name":"(anonymous_28)","decl":{"start":{"line":321,"column":9},"end":{"line":321,"column":10}},"loc":{"start":{"line":321,"column":16},"end":{"line":321,"column":24}},"line":321},"29":{"name":"(anonymous_29)","decl":{"start":{"line":322,"column":10},"end":{"line":322,"column":11}},"loc":{"start":{"line":322,"column":17},"end":{"line":322,"column":31}},"line":322},"30":{"name":"(anonymous_30)","decl":{"start":{"line":337,"column":8},"end":{"line":337,"column":9}},"loc":{"start":{"line":337,"column":15},"end":{"line":337,"column":23}},"line":337},"31":{"name":"(anonymous_31)","decl":{"start":{"line":338,"column":8},"end":{"line":338,"column":9}},"loc":{"start":{"line":338,"column":17},"end":{"line":384,"column":3}},"line":338},"32":{"name":"renderEmoji","decl":{"start":{"line":389,"column":9},"end":{"line":389,"column":20}},"loc":{"start":{"line":389,"column":36},"end":{"line":410,"column":1}},"line":389},"33":{"name":"renderComments","decl":{"start":{"line":413,"column":9},"end":{"line":413,"column":23}},"loc":{"start":{"line":413,"column":38},"end":{"line":448,"column":1}},"line":413}},"branchMap":{"0":{"loc":{"start":{"line":24,"column":2},"end":{"line":29,"column":3}},"type":"if","locations":[{"start":{"line":24,"column":2},"end":{"line":29,"column":3}},{"start":{"line":24,"column":2},"end":{"line":29,"column":3}}],"line":24},"1":{"loc":{"start":{"line":48,"column":8},"end":{"line":52,"column":9}},"type":"if","locations":[{"start":{"line":48,"column":8},"end":{"line":52,"column":9}},{"start":{"line":48,"column":8},"end":{"line":52,"column":9}}],"line":48},"2":{"loc":{"start":{"line":64,"column":4},"end":{"line":69,"column":5}},"type":"if","locations":[{"start":{"line":64,"column":4},"end":{"line":69,"column":5}},{"start":{"line":64,"column":4},"end":{"line":69,"column":5}}],"line":64},"3":{"loc":{"start":{"line":65,"column":6},"end":{"line":66,"column":41}},"type":"binary-expr","locations":[{"start":{"line":65,"column":6},"end":{"line":65,"column":41}},{"start":{"line":66,"column":6},"end":{"line":66,"column":41}}],"line":65},"4":{"loc":{"start":{"line":78,"column":6},"end":{"line":80,"column":7}},"type":"if","locations":[{"start":{"line":78,"column":6},"end":{"line":80,"column":7}},{"start":{"line":78,"column":6},"end":{"line":80,"column":7}}],"line":78},"5":{"loc":{"start":{"line":85,"column":43},"end":{"line":85,"column":63}},"type":"cond-expr","locations":[{"start":{"line":85,"column":57},"end":{"line":85,"column":58}},{"start":{"line":85,"column":61},"end":{"line":85,"column":63}}],"line":85},"6":{"loc":{"start":{"line":92,"column":2},"end":{"line":96,"column":3}},"type":"if","locations":[{"start":{"line":92,"column":2},"end":{"line":96,"column":3}},{"start":{"line":92,"column":2},"end":{"line":96,"column":3}}],"line":92},"7":{"loc":{"start":{"line":125,"column":0},"end":{"line":126,"column":32}},"type":"if","locations":[{"start":{"line":125,"column":0},"end":{"line":126,"column":32}},{"start":{"line":125,"column":0},"end":{"line":126,"column":32}}],"line":125},"8":{"loc":{"start":{"line":131,"column":2},"end":{"line":145,"column":3}},"type":"if","locations":[{"start":{"line":131,"column":2},"end":{"line":145,"column":3}},{"start":{"line":131,"column":2},"end":{"line":145,"column":3}}],"line":131},"9":{"loc":{"start":{"line":157,"column":2},"end":{"line":158,"column":106}},"type":"if","locations":[{"start":{"line":157,"column":2},"end":{"line":158,"column":106}},{"start":{"line":157,"column":2},"end":{"line":158,"column":106}}],"line":157},"10":{"loc":{"start":{"line":191,"column":2},"end":{"line":199,"column":3}},"type":"if","locations":[{"start":{"line":191,"column":2},"end":{"line":199,"column":3}},{"start":{"line":191,"column":2},"end":{"line":199,"column":3}}],"line":191},"11":{"loc":{"start":{"line":192,"column":4},"end":{"line":194,"column":45}},"type":"binary-expr","locations":[{"start":{"line":192,"column":4},"end":{"line":192,"column":36}},{"start":{"line":193,"column":4},"end":{"line":193,"column":36}},{"start":{"line":194,"column":4},"end":{"line":194,"column":45}}],"line":192},"12":{"loc":{"start":{"line":197,"column":9},"end":{"line":199,"column":3}},"type":"if","locations":[{"start":{"line":197,"column":9},"end":{"line":199,"column":3}},{"start":{"line":197,"column":9},"end":{"line":199,"column":3}}],"line":197},"13":{"loc":{"start":{"line":208,"column":2},"end":{"line":211,"column":3}},"type":"if","locations":[{"start":{"line":208,"column":2},"end":{"line":211,"column":3}},{"start":{"line":208,"column":2},"end":{"line":211,"column":3}}],"line":208},"14":{"loc":{"start":{"line":228,"column":8},"end":{"line":237,"column":9}},"type":"if","locations":[{"start":{"line":228,"column":8},"end":{"line":237,"column":9}},{"start":{"line":228,"column":8},"end":{"line":237,"column":9}}],"line":228},"15":{"loc":{"start":{"line":269,"column":10},"end":{"line":271,"column":11}},"type":"if","locations":[{"start":{"line":269,"column":10},"end":{"line":271,"column":11}},{"start":{"line":269,"column":10},"end":{"line":271,"column":11}}],"line":269},"16":{"loc":{"start":{"line":284,"column":10},"end":{"line":294,"column":13}},"type":"if","locations":[{"start":{"line":284,"column":10},"end":{"line":294,"column":13}},{"start":{"line":284,"column":10},"end":{"line":294,"column":13}}],"line":284},"17":{"loc":{"start":{"line":285,"column":12},"end":{"line":286,"column":45}},"type":"binary-expr","locations":[{"start":{"line":285,"column":12},"end":{"line":285,"column":36}},{"start":{"line":286,"column":12},"end":{"line":286,"column":45}}],"line":285},"18":{"loc":{"start":{"line":347,"column":6},"end":{"line":356,"column":7}},"type":"if","locations":[{"start":{"line":347,"column":6},"end":{"line":356,"column":7}},{"start":{"line":347,"column":6},"end":{"line":356,"column":7}}],"line":347}},"s":{"0":1,"1":1,"2":1,"3":1,"4":1,"5":1,"6":1,"7":1,"8":1,"9":1,"10":0,"11":0,"12":0,"13":0,"14":0,"15":1,"16":0,"17":0,"18":0,"19":0,"20":0,"21":0,"22":0,"23":0,"24":0,"25":0,"26":0,"27":0,"28":0,"29":0,"30":0,"31":1,"32":0,"33":0,"34":0,"35":0,"36":0,"37":0,"38":0,"39":0,"40":0,"41":0,"42":0,"43":0,"44":0,"45":0,"46":0,"47":0,"48":0,"49":0,"50":0,"51":0,"52":0,"53":0,"54":0,"55":0,"56":0,"57":0,"58":0,"59":0,"60":0,"61":0,"62":0,"63":0,"64":0,"65":1,"66":0,"67":0,"68":0,"69":0,"70":0,"71":0,"72":1,"73":0,"74":0,"75":0,"76":0,"77":0,"78":0,"79":0,"80":0,"81":0,"82":0,"83":0,"84":0,"85":0,"86":0,"87":0,"88":0,"89":0,"90":0,"91":0,"92":0,"93":0,"94":0,"95":1,"96":1,"97":1,"98":1,"99":1,"100":0,"101":0,"102":0,"103":0,"104":0,"105":0,"106":0,"107":1,"108":0,"109":0,"110":1,"111":0,"112":0,"113":0,"114":1,"115":1,"116":0,"117":0,"118":0,"119":0,"120":0,"121":0,"122":0,"123":0,"124":0,"125":0,"126":0,"127":0,"128":0,"129":0,"130":0,"131":0,"132":0,"133":0,"134":0,"135":0,"136":0,"137":0,"138":0,"139":0,"140":0,"141":0,"142":0,"143":0,"144":0,"145":0,"146":0,"147":0,"148":0,"149":0,"150":0,"151":0,"152":0,"153":0,"154":0,"155":0,"156":0,"157":0,"158":0,"159":0,"160":0,"161":0,"162":0,"163":1,"164":0,"165":0,"166":0,"167":1,"168":1,"169":1,"170":1,"171":0,"172":1,"173":1,"174":1,"175":0,"176":0,"177":0,"178":0,"179":0,"180":0,"181":0,"182":0,"183":0,"184":0,"185":0,"186":0,"187":0,"188":0,"189":0,"190":0,"191":0,"192":0,"193":0,"194":0,"195":0,"196":0,"197":0,"198":0,"199":0,"200":0,"201":0,"202":0,"203":0,"204":0,"205":0,"206":0,"207":0,"208":0,"209":0,"210":0,"211":0,"212":0,"213":0,"214":0,"215":0,"216":0,"217":0,"218":0,"219":0,"220":0,"221":0,"222":0,"223":0,"224":0,"225":0,"226":0,"227":0,"228":0,"229":0,"230":0,"231":0,"232":0,"233":0,"234":0,"235":0,"236":0,"237":0,"238":0,"239":0,"240":0,"241":0,"242":0,"243":0,"244":0,"245":1},"f":{"0":0,"1":0,"2":0,"3":0,"4":0,"5":0,"6":0,"7":0,"8":0,"9":0,"10":0,"11":0,"12":0,"13":0,"14":1,"15":1,"16":0,"17":0,"18":0,"19":0,"20":1,"21":0,"22":0,"23":0,"24":0,"25":0,"26":0,"27":1,"28":1,"29":0,"30":1,"31":0,"32":0,"33":0},"b":{"0":[0,0],"1":[0,0],"2":[0,0],"3":[0,0],"4":[0,0],"5":[0,0],"6":[0,0],"7":[0,0],"8":[0,0],"9":[0,0],"10":[0,0],"11":[0,0,0],"12":[0,0],"13":[0,0],"14":[0,0],"15":[0,0],"16":[0,0],"17":[0,0],"18":[0,0]},"_coverageSchema":"1a1c01bbd47fc00a2c39e90264f33305004495a9","hash":"bda0aee450deefc2c8da1c827e407029476d5a8e"}
}
