TN:
SF:script.js
FN:20,(anonymous_0)
FN:33,(anonymous_1)
FN:41,(anonymous_2)
FN:42,(anonymous_3)
FN:60,getTags
FN:85,(anonymous_5)
FN:90,getanew
FN:115,(anonymous_7)
FN:117,(anonymous_8)
FN:124,(anonymous_9)
FN:129,(anonymous_10)
FN:135,(anonymous_11)
FN:136,(anonymous_12)
FN:150,handleEmoji
FN:165,sendEmoji
FN:179,(anonymous_15)
FN:184,(anonymous_16)
FN:190,addNewEntry
FN:202,(anonymous_18)
FN:207,(anonymous_19)
FN:214,entryById
FN:221,(anonymous_21)
FN:222,(anonymous_22)
FN:265,(anonymous_23)
FN:280,(anonymous_24)
FN:302,unhide
FN:304,(anonymous_26)
FN:309,addNewComment
FN:321,(anonymous_28)
FN:322,(anonymous_29)
FN:337,(anonymous_30)
FN:338,(anonymous_31)
FN:389,renderEmoji
FN:413,renderComments
FNF:34
FNH:6
FNDA:0,(anonymous_0)
FNDA:0,(anonymous_1)
FNDA:0,(anonymous_2)
FNDA:0,(anonymous_3)
FNDA:0,getTags
FNDA:0,(anonymous_5)
FNDA:0,getanew
FNDA:0,(anonymous_7)
FNDA:0,(anonymous_8)
FNDA:0,(anonymous_9)
FNDA:0,(anonymous_10)
FNDA:0,(anonymous_11)
FNDA:0,(anonymous_12)
FNDA:0,handleEmoji
FNDA:1,sendEmoji
FNDA:1,(anonymous_15)
FNDA:0,(anonymous_16)
FNDA:0,addNewEntry
FNDA:0,(anonymous_18)
FNDA:0,(anonymous_19)
FNDA:1,entryById
FNDA:0,(anonymous_21)
FNDA:0,(anonymous_22)
FNDA:0,(anonymous_23)
FNDA:0,(anonymous_24)
FNDA:0,unhide
FNDA:0,(anonymous_26)
FNDA:1,addNewComment
FNDA:1,(anonymous_28)
FNDA:0,(anonymous_29)
FNDA:1,(anonymous_30)
FNDA:0,(anonymous_31)
FNDA:0,renderEmoji
FNDA:0,renderComments
DA:3,1
DA:4,1
DA:5,1
DA:6,1
DA:9,1
DA:10,1
DA:13,1
DA:14,1
DA:16,1
DA:20,1
DA:21,0
DA:22,0
DA:24,0
DA:25,0
DA:28,0
DA:33,1
DA:34,0
DA:35,0
DA:36,0
DA:37,0
DA:38,0
DA:40,0
DA:41,0
DA:43,0
DA:44,0
DA:45,0
DA:47,0
DA:48,0
DA:49,0
DA:51,0
DA:57,1
DA:61,0
DA:62,0
DA:63,0
DA:64,0
DA:68,0
DA:71,0
DA:72,0
DA:73,0
DA:75,0
DA:76,0
DA:77,0
DA:78,0
DA:79,0
DA:82,0
DA:84,0
DA:85,0
DA:86,0
DA:87,0
DA:88,0
DA:92,0
DA:94,0
DA:97,0
DA:103,0
DA:111,0
DA:112,0
DA:113,0
DA:115,0
DA:116,0
DA:117,0
DA:118,0
DA:120,0
DA:124,1
DA:125,0
DA:126,0
DA:129,1
DA:130,0
DA:131,0
DA:132,0
DA:134,0
DA:135,0
DA:137,0
DA:138,0
DA:140,0
DA:141,0
DA:142,0
DA:144,0
DA:152,0
DA:153,0
DA:154,0
DA:155,0
DA:157,0
DA:158,0
DA:159,0
DA:162,0
DA:168,1
DA:176,1
DA:178,1
DA:179,1
DA:184,1
DA:185,0
DA:186,0
DA:191,0
DA:196,0
DA:197,0
DA:198,0
DA:202,1
DA:203,0
DA:204,0
DA:207,1
DA:208,0
DA:209,0
DA:210,0
DA:215,1
DA:216,1
DA:217,0
DA:219,0
DA:220,0
DA:221,0
DA:224,0
DA:225,0
DA:226,0
DA:227,0
DA:228,0
DA:232,0
DA:233,0
DA:234,0
DA:236,0
DA:238,0
DA:243,0
DA:244,0
DA:245,0
DA:246,0
DA:247,0
DA:248,0
DA:249,0
DA:250,0
DA:251,0
DA:252,0
DA:253,0
DA:254,0
DA:255,0
DA:258,0
DA:259,0
DA:262,0
DA:263,0
DA:265,0
DA:266,0
DA:267,0
DA:269,0
DA:270,0
DA:276,0
DA:277,0
DA:278,0
DA:279,0
DA:280,0
DA:281,0
DA:284,0
DA:288,0
DA:289,0
DA:291,0
DA:293,0
DA:299,1
DA:303,0
DA:304,0
DA:305,0
DA:310,1
DA:311,1
DA:320,1
DA:321,1
DA:322,0
DA:327,1
DA:336,1
DA:337,1
DA:339,0
DA:340,0
DA:341,0
DA:342,0
DA:343,0
DA:344,0
DA:345,0
DA:346,0
DA:347,0
DA:351,0
DA:352,0
DA:353,0
DA:355,0
DA:357,0
DA:363,0
DA:364,0
DA:365,0
DA:366,0
DA:367,0
DA:368,0
DA:369,0
DA:370,0
DA:371,0
DA:372,0
DA:374,0
DA:375,0
DA:378,0
DA:379,0
DA:390,0
DA:392,0
DA:393,0
DA:394,0
DA:395,0
DA:396,0
DA:397,0
DA:398,0
DA:399,0
DA:402,0
DA:403,0
DA:404,0
DA:406,0
DA:407,0
DA:408,0
DA:415,0
DA:416,0
DA:417,0
DA:418,0
DA:419,0
DA:421,0
DA:422,0
DA:424,0
DA:425,0
DA:426,0
DA:430,0
DA:431,0
DA:432,0
DA:433,0
DA:434,0
DA:435,0
DA:436,0
DA:437,0
DA:438,0
DA:439,0
DA:440,0
DA:442,0
DA:443,0
DA:444,0
DA:446,0
DA:450,1
LF:233
LH:32
BRDA:24,0,0,0
BRDA:24,0,1,0
BRDA:48,1,0,0
BRDA:48,1,1,0
BRDA:64,2,0,0
BRDA:64,2,1,0
BRDA:65,3,0,0
BRDA:65,3,1,0
BRDA:78,4,0,0
BRDA:78,4,1,0
BRDA:85,5,0,0
BRDA:85,5,1,0
BRDA:92,6,0,0
BRDA:92,6,1,0
BRDA:125,7,0,0
BRDA:125,7,1,0
BRDA:131,8,0,0
BRDA:131,8,1,0
BRDA:157,9,0,0
BRDA:157,9,1,0
BRDA:191,10,0,0
BRDA:191,10,1,0
BRDA:192,11,0,0
BRDA:192,11,1,0
BRDA:192,11,2,0
BRDA:197,12,0,0
BRDA:197,12,1,0
BRDA:208,13,0,0
BRDA:208,13,1,0
BRDA:228,14,0,0
BRDA:228,14,1,0
BRDA:269,15,0,0
BRDA:269,15,1,0
BRDA:284,16,0,0
BRDA:284,16,1,0
BRDA:285,17,0,0
BRDA:285,17,1,0
BRDA:347,18,0,0
BRDA:347,18,1,0
BRF:39
BRH:0
end_of_record
