TN:
SF:script.js
FN:20,(anonymous_0)
FN:33,(anonymous_1)
FN:37,(anonymous_2)
FN:46,(anonymous_3)
FN:54,(anonymous_4)
FN:55,(anonymous_5)
FN:73,getTags
FN:98,(anonymous_7)
FN:103,getanew
FN:128,(anonymous_9)
FN:130,(anonymous_10)
FN:137,(anonymous_11)
FN:142,(anonymous_12)
FN:148,(anonymous_13)
FN:149,(anonymous_14)
FN:163,handleEmoji
FN:178,sendEmoji
FN:192,(anonymous_17)
FN:197,(anonymous_18)
FN:203,addNewEntry
FN:215,(anonymous_20)
FN:220,(anonymous_21)
FN:227,entryById
FN:234,(anonymous_23)
FN:235,(anonymous_24)
FN:278,(anonymous_25)
FN:293,(anonymous_26)
FN:315,unhide
FN:317,(anonymous_28)
FN:322,addNewComment
FN:334,(anonymous_30)
FN:335,(anonymous_31)
FN:350,(anonymous_32)
FN:351,(anonymous_33)
FN:417,renderEmoji
FN:444,renderComments
FNF:36
FNH:6
FNDA:0,(anonymous_0)
FNDA:0,(anonymous_1)
FNDA:0,(anonymous_2)
FNDA:0,(anonymous_3)
FNDA:0,(anonymous_4)
FNDA:0,(anonymous_5)
FNDA:0,getTags
FNDA:0,(anonymous_7)
FNDA:0,getanew
FNDA:0,(anonymous_9)
FNDA:0,(anonymous_10)
FNDA:0,(anonymous_11)
FNDA:0,(anonymous_12)
FNDA:0,(anonymous_13)
FNDA:0,(anonymous_14)
FNDA:0,handleEmoji
FNDA:1,sendEmoji
FNDA:1,(anonymous_17)
FNDA:0,(anonymous_18)
FNDA:0,addNewEntry
FNDA:0,(anonymous_20)
FNDA:0,(anonymous_21)
FNDA:2,entryById
FNDA:0,(anonymous_23)
FNDA:0,(anonymous_24)
FNDA:0,(anonymous_25)
FNDA:0,(anonymous_26)
FNDA:0,unhide
FNDA:0,(anonymous_28)
FNDA:1,addNewComment
FNDA:1,(anonymous_30)
FNDA:0,(anonymous_31)
FNDA:1,(anonymous_32)
FNDA:0,(anonymous_33)
FNDA:0,renderEmoji
FNDA:0,renderComments
DA:3,1
DA:4,1
DA:5,1
DA:6,1
DA:9,1
DA:10,1
DA:13,1
DA:14,1
DA:16,1
DA:20,1
DA:21,0
DA:22,0
DA:24,0
DA:25,0
DA:28,0
DA:33,1
DA:34,0
DA:37,1
DA:38,0
DA:39,0
DA:40,0
DA:42,0
DA:46,1
DA:47,0
DA:48,0
DA:49,0
DA:50,0
DA:51,0
DA:53,0
DA:54,0
DA:56,0
DA:57,0
DA:58,0
DA:60,0
DA:61,0
DA:62,0
DA:64,0
DA:70,1
DA:74,0
DA:75,0
DA:76,0
DA:77,0
DA:81,0
DA:84,0
DA:85,0
DA:86,0
DA:88,0
DA:89,0
DA:90,0
DA:91,0
DA:92,0
DA:95,0
DA:97,0
DA:98,0
DA:99,0
DA:100,0
DA:101,0
DA:105,0
DA:107,0
DA:110,0
DA:116,0
DA:124,0
DA:125,0
DA:126,0
DA:128,0
DA:129,0
DA:130,0
DA:131,0
DA:133,0
DA:137,1
DA:138,0
DA:139,0
DA:142,1
DA:143,0
DA:144,0
DA:145,0
DA:147,0
DA:148,0
DA:150,0
DA:151,0
DA:153,0
DA:154,0
DA:155,0
DA:157,0
DA:165,0
DA:166,0
DA:167,0
DA:168,0
DA:170,0
DA:171,0
DA:172,0
DA:175,0
DA:181,1
DA:189,1
DA:191,1
DA:192,1
DA:197,1
DA:198,0
DA:199,0
DA:204,0
DA:209,0
DA:210,0
DA:211,0
DA:215,1
DA:216,0
DA:217,0
DA:220,1
DA:221,0
DA:222,0
DA:223,0
DA:228,2
DA:229,2
DA:230,0
DA:232,0
DA:233,0
DA:234,0
DA:237,0
DA:238,0
DA:239,0
DA:240,0
DA:241,0
DA:245,0
DA:246,0
DA:247,0
DA:249,0
DA:251,0
DA:256,0
DA:257,0
DA:258,0
DA:259,0
DA:260,0
DA:261,0
DA:262,0
DA:263,0
DA:264,0
DA:265,0
DA:266,0
DA:267,0
DA:268,0
DA:271,0
DA:272,0
DA:275,0
DA:276,0
DA:278,0
DA:279,0
DA:280,0
DA:282,0
DA:283,0
DA:289,0
DA:290,0
DA:291,0
DA:292,0
DA:293,0
DA:294,0
DA:297,0
DA:301,0
DA:302,0
DA:304,0
DA:306,0
DA:312,2
DA:316,0
DA:317,0
DA:318,0
DA:323,1
DA:324,1
DA:333,1
DA:334,1
DA:335,0
DA:340,1
DA:349,1
DA:350,1
DA:352,0
DA:353,0
DA:354,0
DA:355,0
DA:357,0
DA:359,0
DA:360,0
DA:361,0
DA:362,0
DA:364,0
DA:365,0
DA:366,0
DA:367,0
DA:370,0
DA:371,0
DA:372,0
DA:375,0
DA:379,0
DA:380,0
DA:381,0
DA:383,0
DA:385,0
DA:386,0
DA:387,0
DA:389,0
DA:391,0
DA:392,0
DA:394,0
DA:395,0
DA:396,0
DA:400,0
DA:401,0
DA:402,0
DA:406,0
DA:407,0
DA:408,0
DA:409,0
DA:418,0
DA:420,0
DA:421,0
DA:422,0
DA:423,0
DA:424,0
DA:425,0
DA:426,0
DA:427,0
DA:430,0
DA:431,0
DA:432,0
DA:434,0
DA:435,0
DA:436,0
DA:446,0
DA:447,0
DA:448,0
DA:449,0
DA:450,0
DA:452,0
DA:453,0
DA:455,0
DA:456,0
DA:457,0
DA:461,0
DA:462,0
DA:463,0
DA:464,0
DA:465,0
DA:466,0
DA:467,0
DA:468,0
DA:469,0
DA:470,0
DA:471,0
DA:473,0
DA:474,0
DA:475,0
DA:477,0
DA:481,1
LF:249
LH:34
BRDA:24,0,0,0
BRDA:24,0,1,0
BRDA:34,1,0,0
BRDA:34,1,1,0
BRDA:61,2,0,0
BRDA:61,2,1,0
BRDA:77,3,0,0
BRDA:77,3,1,0
BRDA:78,4,0,0
BRDA:78,4,1,0
BRDA:91,5,0,0
BRDA:91,5,1,0
BRDA:98,6,0,0
BRDA:98,6,1,0
BRDA:105,7,0,0
BRDA:105,7,1,0
BRDA:138,8,0,0
BRDA:138,8,1,0
BRDA:144,9,0,0
BRDA:144,9,1,0
BRDA:170,10,0,0
BRDA:170,10,1,0
BRDA:204,11,0,0
BRDA:204,11,1,0
BRDA:205,12,0,0
BRDA:205,12,1,0
BRDA:205,12,2,0
BRDA:210,13,0,0
BRDA:210,13,1,0
BRDA:221,14,0,0
BRDA:221,14,1,0
BRDA:241,15,0,0
BRDA:241,15,1,0
BRDA:282,16,0,0
BRDA:282,16,1,0
BRDA:297,17,0,0
BRDA:297,17,1,0
BRDA:298,18,0,0
BRDA:298,18,1,0
BRDA:375,19,0,0
BRDA:375,19,1,0
BRF:41
BRH:0
end_of_record
