{"C:\\Users\\Quinn\\Documents\\Futureproof\\lapOne\\LAP1PortfolioProject\\server\\app.js": {"path":"C:\\Users\\Quinn\\Documents\\Futureproof\\lapOne\\LAP1PortfolioProject\\server\\app.js","statementMap":{"0":{"start":{"line":1,"column":16},"end":{"line":1,"column":34}},"1":{"start":{"line":2,"column":9},"end":{"line":2,"column":24}},"2":{"start":{"line":3,"column":16},"end":{"line":7,"column":3}},"3":{"start":{"line":8,"column":12},"end":{"line":8,"column":37}},"4":{"start":{"line":9,"column":12},"end":{"line":9,"column":39}},"5":{"start":{"line":10,"column":8},"end":{"line":10,"column":17}},"6":{"start":{"line":11,"column":7},"end":{"line":11,"column":20}},"7":{"start":{"line":12,"column":0},"end":{"line":12,"column":24}},"8":{"start":{"line":14,"column":0},"end":{"line":14,"column":27}},"9":{"start":{"line":15,"column":10},"end":{"line":15,"column":28}},"10":{"start":{"line":16,"column":20},"end":{"line":16,"column":52}},"11":{"start":{"line":17,"column":0},"end":{"line":17,"column":33}},"12":{"start":{"line":19,"column":0},"end":{"line":21,"column":3}},"13":{"start":{"line":20,"column":2},"end":{"line":20,"column":27}},"14":{"start":{"line":23,"column":0},"end":{"line":43,"column":3}},"15":{"start":{"line":25,"column":15},"end":{"line":25,"column":23}},"16":{"start":{"line":26,"column":19},"end":{"line":26,"column":44}},"17":{"start":{"line":27,"column":19},"end":{"line":27,"column":69}},"18":{"start":{"line":28,"column":2},"end":{"line":41,"column":3}},"19":{"start":{"line":29,"column":4},"end":{"line":29,"column":28}},"20":{"start":{"line":30,"column":4},"end":{"line":38,"column":6}},"21":{"start":{"line":34,"column":8},"end":{"line":36,"column":9}},"22":{"start":{"line":35,"column":10},"end":{"line":35,"column":20}},"23":{"start":{"line":40,"column":4},"end":{"line":40,"column":39}},"24":{"start":{"line":42,"column":2},"end":{"line":42,"column":33}},"25":{"start":{"line":47,"column":0},"end":{"line":49,"column":3}},"26":{"start":{"line":48,"column":2},"end":{"line":48,"column":20}},"27":{"start":{"line":51,"column":0},"end":{"line":53,"column":3}},"28":{"start":{"line":52,"column":2},"end":{"line":52,"column":38}},"29":{"start":{"line":55,"column":0},"end":{"line":61,"column":3}},"30":{"start":{"line":56,"column":2},"end":{"line":60,"column":3}},"31":{"start":{"line":57,"column":4},"end":{"line":57,"column":41}},"32":{"start":{"line":59,"column":4},"end":{"line":59,"column":38}},"33":{"start":{"line":63,"column":0},"end":{"line":92,"column":3}},"34":{"start":{"line":64,"column":19},"end":{"line":64,"column":34}},"35":{"start":{"line":66,"column":19},"end":{"line":66,"column":36}},"36":{"start":{"line":67,"column":22},"end":{"line":67,"column":33}},"37":{"start":{"line":68,"column":2},"end":{"line":68,"column":57}},"38":{"start":{"line":71,"column":2},"end":{"line":89,"column":5}},"39":{"start":{"line":72,"column":4},"end":{"line":88,"column":5}},"40":{"start":{"line":73,"column":6},"end":{"line":73,"column":48}},"41":{"start":{"line":75,"column":23},"end":{"line":75,"column":73}},"42":{"start":{"line":79,"column":6},"end":{"line":79,"column":62}},"43":{"start":{"line":80,"column":25},"end":{"line":80,"column":58}},"44":{"start":{"line":81,"column":6},"end":{"line":85,"column":9}},"45":{"start":{"line":82,"column":8},"end":{"line":84,"column":9}},"46":{"start":{"line":83,"column":10},"end":{"line":83,"column":52}},"47":{"start":{"line":90,"column":2},"end":{"line":90,"column":18}},"48":{"start":{"line":91,"column":2},"end":{"line":91,"column":46}},"49":{"start":{"line":94,"column":0},"end":{"line":96,"column":3}},"50":{"start":{"line":95,"column":2},"end":{"line":95,"column":48}},"51":{"start":{"line":98,"column":0},"end":{"line":132,"column":3}},"52":{"start":{"line":99,"column":19},"end":{"line":99,"column":36}},"53":{"start":{"line":100,"column":2},"end":{"line":103,"column":5}},"54":{"start":{"line":106,"column":2},"end":{"line":131,"column":5}},"55":{"start":{"line":107,"column":4},"end":{"line":130,"column":5}},"56":{"start":{"line":108,"column":6},"end":{"line":108,"column":48}},"57":{"start":{"line":109,"column":6},"end":{"line":109,"column":66}},"58":{"start":{"line":111,"column":23},"end":{"line":111,"column":73}},"59":{"start":{"line":115,"column":6},"end":{"line":118,"column":9}},"60":{"start":{"line":119,"column":25},"end":{"line":119,"column":58}},"61":{"start":{"line":120,"column":6},"end":{"line":127,"column":9}},"62":{"start":{"line":121,"column":8},"end":{"line":126,"column":9}},"63":{"start":{"line":122,"column":10},"end":{"line":122,"column":52}},"64":{"start":{"line":123,"column":10},"end":{"line":123,"column":70}},"65":{"start":{"line":125,"column":10},"end":{"line":125,"column":71}},"66":{"start":{"line":129,"column":6},"end":{"line":129,"column":68}},"67":{"start":{"line":134,"column":0},"end":{"line":144,"column":3}},"68":{"start":{"line":135,"column":16},"end":{"line":135,"column":18}},"69":{"start":{"line":136,"column":2},"end":{"line":142,"column":3}},"70":{"start":{"line":137,"column":4},"end":{"line":141,"column":5}},"71":{"start":{"line":138,"column":6},"end":{"line":140,"column":7}},"72":{"start":{"line":139,"column":8},"end":{"line":139,"column":24}},"73":{"start":{"line":143,"column":2},"end":{"line":143,"column":20}},"74":{"start":{"line":147,"column":0},"end":{"line":147,"column":21}}},"fnMap":{"0":{"name":"(anonymous_0)","decl":{"start":{"line":19,"column":13},"end":{"line":19,"column":14}},"loc":{"start":{"line":19,"column":27},"end":{"line":21,"column":1}},"line":19},"1":{"name":"(anonymous_1)","decl":{"start":{"line":23,"column":22},"end":{"line":23,"column":23}},"loc":{"start":{"line":23,"column":36},"end":{"line":43,"column":1}},"line":23},"2":{"name":"(anonymous_2)","decl":{"start":{"line":33,"column":6},"end":{"line":33,"column":7}},"loc":{"start":{"line":33,"column":15},"end":{"line":37,"column":7}},"line":33},"3":{"name":"(anonymous_3)","decl":{"start":{"line":47,"column":23},"end":{"line":47,"column":24}},"loc":{"start":{"line":47,"column":37},"end":{"line":49,"column":1}},"line":47},"4":{"name":"(anonymous_4)","decl":{"start":{"line":51,"column":14},"end":{"line":51,"column":15}},"loc":{"start":{"line":51,"column":28},"end":{"line":53,"column":1}},"line":51},"5":{"name":"(anonymous_5)","decl":{"start":{"line":55,"column":22},"end":{"line":55,"column":23}},"loc":{"start":{"line":55,"column":36},"end":{"line":61,"column":1}},"line":55},"6":{"name":"(anonymous_6)","decl":{"start":{"line":63,"column":32},"end":{"line":63,"column":33}},"loc":{"start":{"line":63,"column":46},"end":{"line":92,"column":1}},"line":63},"7":{"name":"(anonymous_7)","decl":{"start":{"line":71,"column":45},"end":{"line":71,"column":46}},"loc":{"start":{"line":71,"column":60},"end":{"line":89,"column":3}},"line":71},"8":{"name":"(anonymous_8)","decl":{"start":{"line":81,"column":54},"end":{"line":81,"column":55}},"loc":{"start":{"line":81,"column":63},"end":{"line":85,"column":7}},"line":81},"9":{"name":"(anonymous_9)","decl":{"start":{"line":94,"column":31},"end":{"line":94,"column":32}},"loc":{"start":{"line":94,"column":45},"end":{"line":96,"column":1}},"line":94},"10":{"name":"(anonymous_10)","decl":{"start":{"line":98,"column":31},"end":{"line":98,"column":32}},"loc":{"start":{"line":98,"column":45},"end":{"line":132,"column":1}},"line":98},"11":{"name":"(anonymous_11)","decl":{"start":{"line":106,"column":45},"end":{"line":106,"column":46}},"loc":{"start":{"line":106,"column":60},"end":{"line":131,"column":3}},"line":106},"12":{"name":"(anonymous_12)","decl":{"start":{"line":120,"column":54},"end":{"line":120,"column":55}},"loc":{"start":{"line":120,"column":63},"end":{"line":127,"column":7}},"line":120},"13":{"name":"(anonymous_13)","decl":{"start":{"line":134,"column":19},"end":{"line":134,"column":20}},"loc":{"start":{"line":134,"column":33},"end":{"line":144,"column":1}},"line":134}},"branchMap":{"0":{"loc":{"start":{"line":28,"column":2},"end":{"line":41,"column":3}},"type":"if","locations":[{"start":{"line":28,"column":2},"end":{"line":41,"column":3}},{"start":{"line":28,"column":2},"end":{"line":41,"column":3}}],"line":28},"1":{"loc":{"start":{"line":34,"column":8},"end":{"line":36,"column":9}},"type":"if","locations":[{"start":{"line":34,"column":8},"end":{"line":36,"column":9}},{"start":{"line":34,"column":8},"end":{"line":36,"column":9}}],"line":34},"2":{"loc":{"start":{"line":56,"column":2},"end":{"line":60,"column":3}},"type":"if","locations":[{"start":{"line":56,"column":2},"end":{"line":60,"column":3}},{"start":{"line":56,"column":2},"end":{"line":60,"column":3}}],"line":56},"3":{"loc":{"start":{"line":72,"column":4},"end":{"line":88,"column":5}},"type":"if","locations":[{"start":{"line":72,"column":4},"end":{"line":88,"column":5}},{"start":{"line":72,"column":4},"end":{"line":88,"column":5}}],"line":72},"4":{"loc":{"start":{"line":82,"column":8},"end":{"line":84,"column":9}},"type":"if","locations":[{"start":{"line":82,"column":8},"end":{"line":84,"column":9}},{"start":{"line":82,"column":8},"end":{"line":84,"column":9}}],"line":82},"5":{"loc":{"start":{"line":107,"column":4},"end":{"line":130,"column":5}},"type":"if","locations":[{"start":{"line":107,"column":4},"end":{"line":130,"column":5}},{"start":{"line":107,"column":4},"end":{"line":130,"column":5}}],"line":107},"6":{"loc":{"start":{"line":121,"column":8},"end":{"line":126,"column":9}},"type":"if","locations":[{"start":{"line":121,"column":8},"end":{"line":126,"column":9}},{"start":{"line":121,"column":8},"end":{"line":126,"column":9}}],"line":121},"7":{"loc":{"start":{"line":138,"column":6},"end":{"line":140,"column":7}},"type":"if","locations":[{"start":{"line":138,"column":6},"end":{"line":140,"column":7}},{"start":{"line":138,"column":6},"end":{"line":140,"column":7}}],"line":138}},"s":{"0":1,"1":1,"2":1,"3":1,"4":1,"5":1,"6":1,"7":1,"8":1,"9":1,"10":1,"11":1,"12":1,"13":1,"14":1,"15":1,"16":1,"17":1,"18":1,"19":0,"20":0,"21":0,"22":0,"23":1,"24":1,"25":1,"26":1,"27":1,"28":1,"29":1,"30":2,"31":1,"32":1,"33":1,"34":1,"35":1,"36":1,"37":1,"38":1,"39":1,"40":0,"41":1,"42":1,"43":1,"44":1,"45":0,"46":0,"47":1,"48":1,"49":1,"50":1,"51":1,"52":0,"53":0,"54":0,"55":0,"56":0,"57":0,"58":0,"59":0,"60":0,"61":0,"62":0,"63":0,"64":0,"65":0,"66":0,"67":1,"68":0,"69":0,"70":0,"71":0,"72":0,"73":0,"74":1},"f":{"0":1,"1":1,"2":0,"3":1,"4":1,"5":2,"6":1,"7":1,"8":0,"9":1,"10":0,"11":0,"12":0,"13":0},"b":{"0":[0,1],"1":[0,0],"2":[1,1],"3":[0,1],"4":[0,0],"5":[0,0],"6":[0,0],"7":[0,0]},"_coverageSchema":"1a1c01bbd47fc00a2c39e90264f33305004495a9","hash":"6a7d00486a8e17edfce9543cfc271e6967b9803b"}
,"C:\\Users\\Quinn\\Documents\\Futureproof\\lapOne\\LAP1PortfolioProject\\server\\controllers\\entries.js": {"path":"C:\\Users\\Quinn\\Documents\\Futureproof\\lapOne\\LAP1PortfolioProject\\server\\controllers\\entries.js","statementMap":{"0":{"start":{"line":1,"column":16},"end":{"line":1,"column":34}},"1":{"start":{"line":2,"column":15},"end":{"line":2,"column":31}},"2":{"start":{"line":4,"column":15},"end":{"line":4,"column":46}},"3":{"start":{"line":6,"column":0},"end":{"line":8,"column":3}},"4":{"start":{"line":7,"column":4},"end":{"line":7,"column":38}},"5":{"start":{"line":10,"column":0},"end":{"line":19,"column":3}},"6":{"start":{"line":11,"column":4},"end":{"line":18,"column":5}},"7":{"start":{"line":12,"column":24},"end":{"line":12,"column":47}},"8":{"start":{"line":13,"column":27},"end":{"line":13,"column":52}},"9":{"start":{"line":14,"column":8},"end":{"line":14,"column":29}},"10":{"start":{"line":16,"column":8},"end":{"line":16,"column":25}},"11":{"start":{"line":17,"column":8},"end":{"line":17,"column":34}},"12":{"start":{"line":21,"column":0},"end":{"line":21,"column":24}}},"fnMap":{"0":{"name":"(anonymous_0)","decl":{"start":{"line":6,"column":16},"end":{"line":6,"column":17}},"loc":{"start":{"line":6,"column":30},"end":{"line":8,"column":1}},"line":6},"1":{"name":"(anonymous_1)","decl":{"start":{"line":10,"column":19},"end":{"line":10,"column":20}},"loc":{"start":{"line":10,"column":33},"end":{"line":19,"column":1}},"line":10}},"branchMap":{},"s":{"0":1,"1":1,"2":1,"3":1,"4":0,"5":1,"6":0,"7":0,"8":0,"9":0,"10":0,"11":0,"12":1},"f":{"0":0,"1":0},"b":{},"_coverageSchema":"1a1c01bbd47fc00a2c39e90264f33305004495a9","hash":"15642d0b23d69181aeb8c60b3575f3cb31c80098"}
,"C:\\Users\\Quinn\\Documents\\Futureproof\\lapOne\\LAP1PortfolioProject\\server\\models\\entries.js": {"path":"C:\\Users\\Quinn\\Documents\\Futureproof\\lapOne\\LAP1PortfolioProject\\server\\models\\entries.js","statementMap":{"0":{"start":{"line":1,"column":16},"end":{"line":1,"column":42}},"1":{"start":{"line":5,"column":8},"end":{"line":14,"column":26}},"2":{"start":{"line":18,"column":22},"end":{"line":18,"column":40}},"3":{"start":{"line":19,"column":25},"end":{"line":22,"column":13}},"4":{"start":{"line":23,"column":8},"end":{"line":23,"column":31}},"5":{"start":{"line":24,"column":8},"end":{"line":24,"column":24}},"6":{"start":{"line":28,"column":0},"end":{"line":28,"column":25}}},"fnMap":{"0":{"name":"(anonymous_0)","decl":{"start":{"line":4,"column":4},"end":{"line":4,"column":5}},"loc":{"start":{"line":4,"column":22},"end":{"line":15,"column":5}},"line":4},"1":{"name":"(anonymous_1)","decl":{"start":{"line":17,"column":4},"end":{"line":17,"column":5}},"loc":{"start":{"line":17,"column":28},"end":{"line":25,"column":5}},"line":17}},"branchMap":{},"s":{"0":1,"1":1,"2":1,"3":1,"4":1,"5":1,"6":1},"f":{"0":1,"1":1},"b":{},"_coverageSchema":"1a1c01bbd47fc00a2c39e90264f33305004495a9","hash":"8ab3fcb6483136fb3f9743c467b928b92434170b"}
}
