{"C:\\Users\\Quinn\\Documents\\Futureproof\\lapone\\LAP1PortfolioProject\\server\\app.js": {"path":"C:\\Users\\Quinn\\Documents\\Futureproof\\lapone\\LAP1PortfolioProject\\server\\app.js","statementMap":{"0":{"start":{"line":1,"column":16},"end":{"line":1,"column":34}},"1":{"start":{"line":2,"column":9},"end":{"line":2,"column":24}},"2":{"start":{"line":3,"column":12},"end":{"line":3,"column":37}},"3":{"start":{"line":4,"column":12},"end":{"line":4,"column":39}},"4":{"start":{"line":5,"column":8},"end":{"line":5,"column":17}},"5":{"start":{"line":6,"column":9},"end":{"line":6,"column":13}},"6":{"start":{"line":7,"column":7},"end":{"line":7,"column":20}},"7":{"start":{"line":8,"column":0},"end":{"line":8,"column":24}},"8":{"start":{"line":9,"column":0},"end":{"line":9,"column":16}},"9":{"start":{"line":11,"column":20},"end":{"line":11,"column":52}},"10":{"start":{"line":12,"column":0},"end":{"line":12,"column":33}},"11":{"start":{"line":14,"column":0},"end":{"line":16,"column":3}},"12":{"start":{"line":15,"column":2},"end":{"line":15,"column":27}},"13":{"start":{"line":18,"column":0},"end":{"line":34,"column":2}},"14":{"start":{"line":19,"column":15},"end":{"line":19,"column":23}},"15":{"start":{"line":20,"column":19},"end":{"line":20,"column":44}},"16":{"start":{"line":21,"column":19},"end":{"line":21,"column":69}},"17":{"start":{"line":22,"column":2},"end":{"line":32,"column":3}},"18":{"start":{"line":23,"column":2},"end":{"line":23,"column":25}},"19":{"start":{"line":24,"column":2},"end":{"line":28,"column":2}},"20":{"start":{"line":25,"column":4},"end":{"line":27,"column":5}},"21":{"start":{"line":26,"column":8},"end":{"line":26,"column":18}},"22":{"start":{"line":31,"column":4},"end":{"line":31,"column":38}},"23":{"start":{"line":33,"column":0},"end":{"line":33,"column":31}},"24":{"start":{"line":38,"column":0},"end":{"line":39,"column":5}},"25":{"start":{"line":38,"column":38},"end":{"line":38,"column":55}},"26":{"start":{"line":41,"column":0},"end":{"line":43,"column":3}},"27":{"start":{"line":42,"column":2},"end":{"line":42,"column":38}},"28":{"start":{"line":45,"column":0},"end":{"line":53,"column":2}},"29":{"start":{"line":46,"column":2},"end":{"line":52,"column":3}},"30":{"start":{"line":48,"column":4},"end":{"line":48,"column":38}},"31":{"start":{"line":51,"column":4},"end":{"line":51,"column":37}},"32":{"start":{"line":55,"column":0},"end":{"line":85,"column":2}},"33":{"start":{"line":56,"column":19},"end":{"line":56,"column":32}},"34":{"start":{"line":58,"column":18},"end":{"line":58,"column":33}},"35":{"start":{"line":59,"column":22},"end":{"line":59,"column":33}},"36":{"start":{"line":60,"column":2},"end":{"line":60,"column":57}},"37":{"start":{"line":63,"column":2},"end":{"line":82,"column":6}},"38":{"start":{"line":64,"column":4},"end":{"line":81,"column":7}},"39":{"start":{"line":65,"column":8},"end":{"line":65,"column":50}},"40":{"start":{"line":68,"column":23},"end":{"line":68,"column":73}},"41":{"start":{"line":72,"column":8},"end":{"line":72,"column":64}},"42":{"start":{"line":73,"column":27},"end":{"line":73,"column":60}},"43":{"start":{"line":74,"column":8},"end":{"line":78,"column":11}},"44":{"start":{"line":75,"column":12},"end":{"line":77,"column":13}},"45":{"start":{"line":76,"column":16},"end":{"line":76,"column":58}},"46":{"start":{"line":83,"column":2},"end":{"line":83,"column":17}},"47":{"start":{"line":84,"column":2},"end":{"line":84,"column":43}},"48":{"start":{"line":88,"column":0},"end":{"line":90,"column":2}},"49":{"start":{"line":89,"column":2},"end":{"line":89,"column":45}},"50":{"start":{"line":92,"column":0},"end":{"line":95,"column":2}},"51":{"start":{"line":92,"column":48},"end":{"line":92,"column":50}},"52":{"start":{"line":93,"column":0},"end":{"line":93,"column":102}},"53":{"start":{"line":93,"column":39},"end":{"line":93,"column":101}},"54":{"start":{"line":93,"column":61},"end":{"line":93,"column":100}},"55":{"start":{"line":93,"column":84},"end":{"line":93,"column":99}},"56":{"start":{"line":94,"column":0},"end":{"line":94,"column":17}},"57":{"start":{"line":98,"column":0},"end":{"line":98,"column":21}}},"fnMap":{"0":{"name":"(anonymous_0)","decl":{"start":{"line":14,"column":13},"end":{"line":14,"column":14}},"loc":{"start":{"line":14,"column":27},"end":{"line":16,"column":1}},"line":14},"1":{"name":"(anonymous_1)","decl":{"start":{"line":18,"column":22},"end":{"line":18,"column":23}},"loc":{"start":{"line":18,"column":36},"end":{"line":34,"column":1}},"line":18},"2":{"name":"(anonymous_2)","decl":{"start":{"line":24,"column":77},"end":{"line":24,"column":78}},"loc":{"start":{"line":24,"column":86},"end":{"line":28,"column":1}},"line":24},"3":{"name":"(anonymous_3)","decl":{"start":{"line":38,"column":23},"end":{"line":38,"column":24}},"loc":{"start":{"line":38,"column":37},"end":{"line":39,"column":3}},"line":38},"4":{"name":"(anonymous_4)","decl":{"start":{"line":41,"column":14},"end":{"line":41,"column":15}},"loc":{"start":{"line":41,"column":28},"end":{"line":43,"column":1}},"line":41},"5":{"name":"(anonymous_5)","decl":{"start":{"line":45,"column":22},"end":{"line":45,"column":23}},"loc":{"start":{"line":45,"column":36},"end":{"line":53,"column":1}},"line":45},"6":{"name":"(anonymous_6)","decl":{"start":{"line":55,"column":32},"end":{"line":55,"column":33}},"loc":{"start":{"line":55,"column":46},"end":{"line":85,"column":1}},"line":55},"7":{"name":"(anonymous_7)","decl":{"start":{"line":63,"column":45},"end":{"line":63,"column":46}},"loc":{"start":{"line":63,"column":60},"end":{"line":82,"column":5}},"line":63},"8":{"name":"(anonymous_8)","decl":{"start":{"line":74,"column":56},"end":{"line":74,"column":57}},"loc":{"start":{"line":74,"column":65},"end":{"line":78,"column":9}},"line":74},"9":{"name":"(anonymous_9)","decl":{"start":{"line":88,"column":31},"end":{"line":88,"column":32}},"loc":{"start":{"line":88,"column":45},"end":{"line":90,"column":1}},"line":88},"10":{"name":"(anonymous_10)","decl":{"start":{"line":92,"column":19},"end":{"line":92,"column":20}},"loc":{"start":{"line":92,"column":33},"end":{"line":95,"column":1}},"line":92}},"branchMap":{"0":{"loc":{"start":{"line":22,"column":2},"end":{"line":32,"column":3}},"type":"if","locations":[{"start":{"line":22,"column":2},"end":{"line":32,"column":3}},{"start":{"line":22,"column":2},"end":{"line":32,"column":3}}],"line":22},"1":{"loc":{"start":{"line":25,"column":4},"end":{"line":27,"column":5}},"type":"if","locations":[{"start":{"line":25,"column":4},"end":{"line":27,"column":5}},{"start":{"line":25,"column":4},"end":{"line":27,"column":5}}],"line":25},"2":{"loc":{"start":{"line":46,"column":2},"end":{"line":52,"column":3}},"type":"if","locations":[{"start":{"line":46,"column":2},"end":{"line":52,"column":3}},{"start":{"line":46,"column":2},"end":{"line":52,"column":3}}],"line":46},"3":{"loc":{"start":{"line":64,"column":4},"end":{"line":81,"column":7}},"type":"if","locations":[{"start":{"line":64,"column":4},"end":{"line":81,"column":7}},{"start":{"line":64,"column":4},"end":{"line":81,"column":7}}],"line":64},"4":{"loc":{"start":{"line":75,"column":12},"end":{"line":77,"column":13}},"type":"if","locations":[{"start":{"line":75,"column":12},"end":{"line":77,"column":13}},{"start":{"line":75,"column":12},"end":{"line":77,"column":13}}],"line":75},"5":{"loc":{"start":{"line":93,"column":61},"end":{"line":93,"column":100}},"type":"if","locations":[{"start":{"line":93,"column":61},"end":{"line":93,"column":100}},{"start":{"line":93,"column":61},"end":{"line":93,"column":100}}],"line":93}},"s":{"0":1,"1":1,"2":1,"3":1,"4":1,"5":1,"6":1,"7":1,"8":1,"9":1,"10":1,"11":1,"12":1,"13":1,"14":1,"15":1,"16":1,"17":1,"18":0,"19":0,"20":0,"21":0,"22":1,"23":1,"24":1,"25":1,"26":1,"27":1,"28":1,"29":2,"30":1,"31":1,"32":1,"33":1,"34":1,"35":1,"36":1,"37":1,"38":1,"39":0,"40":1,"41":1,"42":1,"43":1,"44":0,"45":0,"46":1,"47":1,"48":1,"49":1,"50":1,"51":0,"52":0,"53":0,"54":0,"55":0,"56":0,"57":1},"f":{"0":1,"1":1,"2":0,"3":1,"4":1,"5":2,"6":1,"7":1,"8":0,"9":1,"10":0},"b":{"0":[0,1],"1":[0,0],"2":[1,1],"3":[0,1],"4":[0,0],"5":[0,0]},"_coverageSchema":"1a1c01bbd47fc00a2c39e90264f33305004495a9","hash":"0fabd5031962185a495dc0c2ee4a2b21bd0724e1"}
,"C:\\Users\\Quinn\\Documents\\Futureproof\\lapone\\LAP1PortfolioProject\\server\\controllers\\entries.js": {"path":"C:\\Users\\Quinn\\Documents\\Futureproof\\lapone\\LAP1PortfolioProject\\server\\controllers\\entries.js","statementMap":{"0":{"start":{"line":1,"column":16},"end":{"line":1,"column":34}},"1":{"start":{"line":2,"column":15},"end":{"line":2,"column":31}},"2":{"start":{"line":4,"column":15},"end":{"line":4,"column":46}},"3":{"start":{"line":6,"column":0},"end":{"line":8,"column":3}},"4":{"start":{"line":7,"column":4},"end":{"line":7,"column":38}},"5":{"start":{"line":10,"column":0},"end":{"line":19,"column":3}},"6":{"start":{"line":11,"column":4},"end":{"line":18,"column":5}},"7":{"start":{"line":12,"column":24},"end":{"line":12,"column":47}},"8":{"start":{"line":13,"column":27},"end":{"line":13,"column":52}},"9":{"start":{"line":14,"column":8},"end":{"line":14,"column":29}},"10":{"start":{"line":16,"column":8},"end":{"line":16,"column":25}},"11":{"start":{"line":17,"column":8},"end":{"line":17,"column":34}},"12":{"start":{"line":21,"column":0},"end":{"line":21,"column":24}}},"fnMap":{"0":{"name":"(anonymous_0)","decl":{"start":{"line":6,"column":16},"end":{"line":6,"column":17}},"loc":{"start":{"line":6,"column":30},"end":{"line":8,"column":1}},"line":6},"1":{"name":"(anonymous_1)","decl":{"start":{"line":10,"column":19},"end":{"line":10,"column":20}},"loc":{"start":{"line":10,"column":33},"end":{"line":19,"column":1}},"line":10}},"branchMap":{},"s":{"0":1,"1":1,"2":1,"3":1,"4":0,"5":1,"6":0,"7":0,"8":0,"9":0,"10":0,"11":0,"12":1},"f":{"0":0,"1":0},"b":{},"_coverageSchema":"1a1c01bbd47fc00a2c39e90264f33305004495a9","hash":"26a12561e344051739f05a067e5d962c2c845ffa"}
,"C:\\Users\\Quinn\\Documents\\Futureproof\\lapone\\LAP1PortfolioProject\\server\\models\\entries.js": {"path":"C:\\Users\\Quinn\\Documents\\Futureproof\\lapone\\LAP1PortfolioProject\\server\\models\\entries.js","statementMap":{"0":{"start":{"line":1,"column":16},"end":{"line":1,"column":42}},"1":{"start":{"line":5,"column":8},"end":{"line":5,"column":26}},"2":{"start":{"line":6,"column":8},"end":{"line":6,"column":32}},"3":{"start":{"line":7,"column":8},"end":{"line":7,"column":44}},"4":{"start":{"line":8,"column":8},"end":{"line":8,"column":29}},"5":{"start":{"line":9,"column":8},"end":{"line":9,"column":32}},"6":{"start":{"line":10,"column":8},"end":{"line":10,"column":30}},"7":{"start":{"line":11,"column":8},"end":{"line":11,"column":30}},"8":{"start":{"line":12,"column":8},"end":{"line":12,"column":27}},"9":{"start":{"line":13,"column":8},"end":{"line":13,"column":29}},"10":{"start":{"line":14,"column":8},"end":{"line":14,"column":26}},"11":{"start":{"line":18,"column":22},"end":{"line":18,"column":40}},"12":{"start":{"line":19,"column":25},"end":{"line":22,"column":13}},"13":{"start":{"line":23,"column":8},"end":{"line":23,"column":31}},"14":{"start":{"line":24,"column":8},"end":{"line":24,"column":24}},"15":{"start":{"line":28,"column":0},"end":{"line":28,"column":25}}},"fnMap":{"0":{"name":"(anonymous_0)","decl":{"start":{"line":4,"column":4},"end":{"line":4,"column":5}},"loc":{"start":{"line":4,"column":22},"end":{"line":15,"column":5}},"line":4},"1":{"name":"(anonymous_1)","decl":{"start":{"line":17,"column":4},"end":{"line":17,"column":5}},"loc":{"start":{"line":17,"column":28},"end":{"line":25,"column":5}},"line":17}},"branchMap":{},"s":{"0":1,"1":1,"2":1,"3":1,"4":1,"5":1,"6":1,"7":1,"8":1,"9":1,"10":1,"11":1,"12":1,"13":1,"14":1,"15":1},"f":{"0":1,"1":1},"b":{},"_coverageSchema":"1a1c01bbd47fc00a2c39e90264f33305004495a9","hash":"4648ae163cd5abf9163421f984b28d9b8d22a3ab"}
}
