TN:
SF:server\app.js
FN:19,(anonymous_0)
FN:23,(anonymous_1)
FN:33,(anonymous_2)
FN:47,(anonymous_3)
FN:51,(anonymous_4)
FN:55,(anonymous_5)
FN:63,(anonymous_6)
FN:71,(anonymous_7)
FN:81,(anonymous_8)
FN:94,(anonymous_9)
FN:98,(anonymous_10)
FN:106,(anonymous_11)
FN:120,(anonymous_12)
FN:134,(anonymous_13)
FNF:14
FNH:8
FNDA:1,(anonymous_0)
FNDA:1,(anonymous_1)
FNDA:0,(anonymous_2)
FNDA:1,(anonymous_3)
FNDA:1,(anonymous_4)
FNDA:2,(anonymous_5)
FNDA:1,(anonymous_6)
FNDA:1,(anonymous_7)
FNDA:0,(anonymous_8)
FNDA:1,(anonymous_9)
FNDA:0,(anonymous_10)
FNDA:0,(anonymous_11)
FNDA:0,(anonymous_12)
FNDA:0,(anonymous_13)
DA:1,1
DA:2,1
DA:3,1
DA:8,1
DA:9,1
DA:10,1
DA:11,1
DA:12,1
DA:14,1
DA:15,1
DA:16,1
DA:17,1
DA:19,1
DA:20,1
DA:23,1
DA:25,1
DA:26,1
DA:27,1
DA:28,1
DA:29,0
DA:30,0
DA:34,0
DA:35,0
DA:40,1
DA:42,1
DA:47,1
DA:48,1
DA:51,1
DA:52,1
DA:55,1
DA:56,2
DA:57,1
DA:59,1
DA:63,1
DA:64,1
DA:66,1
DA:67,1
DA:68,1
DA:71,1
DA:72,1
DA:73,0
DA:75,1
DA:79,1
DA:80,1
DA:81,1
DA:82,0
DA:83,0
DA:90,1
DA:91,1
DA:94,1
DA:95,1
DA:98,1
DA:99,0
DA:100,0
DA:106,0
DA:107,0
DA:108,0
DA:109,0
DA:111,0
DA:115,0
DA:119,0
DA:120,0
DA:121,0
DA:122,0
DA:123,0
DA:125,0
DA:129,0
DA:134,1
DA:135,0
DA:136,0
DA:137,0
DA:138,0
DA:139,0
DA:143,0
DA:147,1
LF:75
LH:47
BRDA:28,0,0,0
BRDA:28,0,1,1
BRDA:34,1,0,0
BRDA:34,1,1,0
BRDA:56,2,0,1
BRDA:56,2,1,1
BRDA:72,3,0,0
BRDA:72,3,1,1
BRDA:82,4,0,0
BRDA:82,4,1,0
BRDA:107,5,0,0
BRDA:107,5,1,0
BRDA:121,6,0,0
BRDA:121,6,1,0
BRDA:138,7,0,0
BRDA:138,7,1,0
BRF:16
BRH:4
end_of_record
TN:
SF:server\controllers\entries.js
FN:6,(anonymous_0)
FN:10,(anonymous_1)
FNF:2
FNH:0
FNDA:0,(anonymous_0)
FNDA:0,(anonymous_1)
DA:1,1
DA:2,1
DA:4,1
DA:6,1
DA:7,0
DA:10,1
DA:11,0
DA:12,0
DA:13,0
DA:14,0
DA:16,0
DA:17,0
DA:21,1
LF:13
LH:6
BRF:0
BRH:0
end_of_record
TN:
SF:server\models\entries.js
FN:4,(anonymous_0)
FN:17,(anonymous_1)
FNF:2
FNH:2
FNDA:1,(anonymous_0)
FNDA:1,(anonymous_1)
DA:1,1
DA:5,1
DA:18,1
DA:19,1
DA:23,1
DA:24,1
DA:28,1
LF:7
LH:7
BRF:0
BRH:0
end_of_record
